[2m2024-06-26 16:17:14.385[0;39m [[32m INFO[0;39m] [35m62476[0;39m [2m[           main ][0;39m [32mnet.mingsoft.MSApplication[0;39m:55 [2m:[0;39m Starting MSApplication v5.4.0-SNAPSHOT using Java 1.8.0_341 on Ming-Soft with PID 62476 (/Users/killfen/git/MCMS/src/main/webapp/ms-mcms.jar started by killfen in /Users/killfen/git/MCMS/src/main/webapp)
[2m2024-06-26 16:17:14.431[0;39m [[32m INFO[0;39m] [35m62476[0;39m [2m[           main ][0;39m [32mnet.mingsoft.MSApplication[0;39m:638 [2m:[0;39m The following 1 profile is active: "dev"
[2m2024-06-26 16:17:20.885[0;39m [[32m INFO[0;39m] [35m62476[0;39m [2m[           main ][0;39m [32mcom.alibaba.druid.spring.boot.autoconfigure.DruidDataSourceAutoConfigure[0;39m:66 [2m:[0;39m Init DruidDataSource
[2m2024-06-26 16:17:21.810[0;39m [[32m INFO[0;39m] [35m62476[0;39m [2m[           main ][0;39m [32mcom.alibaba.druid.pool.DruidDataSource[0;39m:1007 [2m:[0;39m {dataSource-1} inited
[2m2024-06-26 16:17:24.805[0;39m [[33m WARN[0;39m] [35m62476[0;39m [2m[           main ][0;39m [33mcom.baomidou.mybatisplus.core.injector.AbstractMethod[0;39m:414 [2m:[0;39m [net.mingsoft.basic.dao.IManagerDao.delete] Has been loaded by XML or SqlProvider or Mybatis's Annotation, so ignoring this injection for [class com.baomidou.mybatisplus.core.injector.methods.Delete]
[2m2024-06-26 16:17:25.720[0;39m [[33m WARN[0;39m] [35m62476[0;39m [2m[           main ][0;39m [33mcom.baomidou.mybatisplus.core.injector.AbstractMethod[0;39m:414 [2m:[0;39m [net.mingsoft.basic.dao.IModelDao.delete] Has been loaded by XML or SqlProvider or Mybatis's Annotation, so ignoring this injection for [class com.baomidou.mybatisplus.core.injector.methods.Delete]
[2m2024-06-26 16:17:25.945[0;39m [[33m WARN[0;39m] [35m62476[0;39m [2m[           main ][0;39m [33mcom.baomidou.mybatisplus.core.metadata.TableInfoHelper[0;39m:342 [2m:[0;39m Can not find table primary key in Class: "net.mingsoft.basic.entity.RoleModelEntity".
[2m2024-06-26 16:17:25.945[0;39m [[33m WARN[0;39m] [35m62476[0;39m [2m[           main ][0;39m [33mcom.baomidou.mybatisplus.core.injector.DefaultSqlInjector[0;39m:56 [2m:[0;39m class net.mingsoft.basic.entity.RoleModelEntity ,Not found @TableId annotation, Cannot use Mybatis-Plus 'xxById' Method.
[2m2024-06-26 16:17:27.586[0;39m [[32m INFO[0;39m] [35m62476[0;39m [2m[           main ][0;39m [32morg.apache.coyote.http11.Http11NioProtocol[0;39m:173 [2m:[0;39m Initializing ProtocolHandler ["http-nio-8088"]
[2m2024-06-26 16:17:27.592[0;39m [[32m INFO[0;39m] [35m62476[0;39m [2m[           main ][0;39m [32morg.apache.catalina.core.StandardService[0;39m:173 [2m:[0;39m Starting service [Tomcat]
[2m2024-06-26 16:17:27.593[0;39m [[32m INFO[0;39m] [35m62476[0;39m [2m[           main ][0;39m [32morg.apache.catalina.core.StandardEngine[0;39m:173 [2m:[0;39m Starting Servlet engine: [Apache Tomcat/9.0.83]
[2m2024-06-26 16:17:27.849[0;39m [[32m INFO[0;39m] [35m62476[0;39m [2m[           main ][0;39m [32morg.apache.catalina.core.ContainerBase.[Tomcat].[localhost].[/][0;39m:173 [2m:[0;39m Initializing Spring embedded WebApplicationContext
[2m2024-06-26 16:17:28.930[0;39m [[33m WARN[0;39m] [35m62476[0;39m [2m[           main ][0;39m [33mcom.baomidou.mybatisplus.core.injector.AbstractMethod[0;39m:414 [2m:[0;39m [net.mingsoft.cms.dao.ICategoryDao.delete] Has been loaded by XML or SqlProvider or Mybatis's Annotation, so ignoring this injection for [class com.baomidou.mybatisplus.core.injector.methods.Delete]
[2m2024-06-26 16:17:29.471[0;39m [[33m WARN[0;39m] [35m62476[0;39m [2m[           main ][0;39m [33mcom.baomidou.mybatisplus.core.injector.AbstractMethod[0;39m:414 [2m:[0;39m [net.mingsoft.cms.dao.IContentDao.delete] Has been loaded by XML or SqlProvider or Mybatis's Annotation, so ignoring this injection for [class com.baomidou.mybatisplus.core.injector.methods.Delete]
[2m2024-06-26 16:17:30.045[0;39m [[33m WARN[0;39m] [35m62476[0;39m [2m[           main ][0;39m [33mcom.baomidou.mybatisplus.core.injector.AbstractMethod[0;39m:414 [2m:[0;39m [net.mingsoft.mdiy.dao.ITagDao.delete] Has been loaded by XML or SqlProvider or Mybatis's Annotation, so ignoring this injection for [class com.baomidou.mybatisplus.core.injector.methods.Delete]
[2m2024-06-26 16:17:30.848[0;39m [[33m WARN[0;39m] [35m62476[0;39m [2m[           main ][0;39m [33mcom.baomidou.mybatisplus.core.injector.AbstractMethod[0;39m:414 [2m:[0;39m [net.mingsoft.mdiy.dao.IModelDao.delete] Has been loaded by XML or SqlProvider or Mybatis's Annotation, so ignoring this injection for [class com.baomidou.mybatisplus.core.injector.methods.Delete]
[2m2024-06-26 16:17:31.428[0;39m [[33m WARN[0;39m] [35m62476[0;39m [2m[           main ][0;39m [33mcom.baomidou.mybatisplus.core.injector.AbstractMethod[0;39m:414 [2m:[0;39m [net.mingsoft.basic.dao.ICityDao.delete] Has been loaded by XML or SqlProvider or Mybatis's Annotation, so ignoring this injection for [class com.baomidou.mybatisplus.core.injector.methods.Delete]
[2m2024-06-26 16:17:31.657[0;39m [[33m WARN[0;39m] [35m62476[0;39m [2m[           main ][0;39m [33mcom.baomidou.mybatisplus.core.injector.AbstractMethod[0;39m:414 [2m:[0;39m [net.mingsoft.basic.dao.ILogDao.delete] Has been loaded by XML or SqlProvider or Mybatis's Annotation, so ignoring this injection for [class com.baomidou.mybatisplus.core.injector.methods.Delete]
[2m2024-06-26 16:17:31.878[0;39m [[33m WARN[0;39m] [35m62476[0;39m [2m[           main ][0;39m [33mcom.baomidou.mybatisplus.core.injector.AbstractMethod[0;39m:414 [2m:[0;39m [net.mingsoft.basic.dao.IRoleDao.delete] Has been loaded by XML or SqlProvider or Mybatis's Annotation, so ignoring this injection for [class com.baomidou.mybatisplus.core.injector.methods.Delete]
[2m2024-06-26 16:17:32.935[0;39m [[33m WARN[0;39m] [35m62476[0;39m [2m[           main ][0;39m [33mcom.baomidou.mybatisplus.core.injector.AbstractMethod[0;39m:414 [2m:[0;39m [net.mingsoft.mdiy.dao.IPageDao.delete] Has been loaded by XML or SqlProvider or Mybatis's Annotation, so ignoring this injection for [class com.baomidou.mybatisplus.core.injector.methods.Delete]
[2m2024-06-26 16:17:33.160[0;39m [[33m WARN[0;39m] [35m62476[0;39m [2m[           main ][0;39m [33mcom.baomidou.mybatisplus.core.injector.AbstractMethod[0;39m:414 [2m:[0;39m [net.mingsoft.mdiy.dao.IDictDao.delete] Has been loaded by XML or SqlProvider or Mybatis's Annotation, so ignoring this injection for [class com.baomidou.mybatisplus.core.injector.methods.Delete]
[2m2024-06-26 16:17:38.021[0;39m [[32m INFO[0;39m] [35m62476[0;39m [2m[           main ][0;39m [32morg.quartz.impl.StdSchedulerFactory[0;39m:1220 [2m:[0;39m Using default implementation for ThreadExecutor
[2m2024-06-26 16:17:38.069[0;39m [[32m INFO[0;39m] [35m62476[0;39m [2m[           main ][0;39m [32morg.quartz.core.SchedulerSignalerImpl[0;39m:61 [2m:[0;39m Initialized Scheduler Signaller of type: class org.quartz.core.SchedulerSignalerImpl
[2m2024-06-26 16:17:38.069[0;39m [[32m INFO[0;39m] [35m62476[0;39m [2m[           main ][0;39m [32morg.quartz.core.QuartzScheduler[0;39m:229 [2m:[0;39m Quartz Scheduler v.2.3.2 created.
[2m2024-06-26 16:17:38.071[0;39m [[32m INFO[0;39m] [35m62476[0;39m [2m[           main ][0;39m [32morg.quartz.simpl.RAMJobStore[0;39m:155 [2m:[0;39m RAMJobStore initialized.
[2m2024-06-26 16:17:38.073[0;39m [[32m INFO[0;39m] [35m62476[0;39m [2m[           main ][0;39m [32morg.quartz.core.QuartzScheduler[0;39m:294 [2m:[0;39m Scheduler meta-data: Quartz Scheduler (v2.3.2) 'quartzScheduler' with instanceId 'NON_CLUSTERED'
  Scheduler class: 'org.quartz.core.QuartzScheduler' - running locally.
  NOT STARTED.
  Currently in standby mode.
  Number of jobs executed: 0
  Using thread pool 'org.quartz.simpl.SimpleThreadPool' - with 10 threads.
  Using job-store 'org.quartz.simpl.RAMJobStore' - which does not support persistence. and is not clustered.

[2m2024-06-26 16:17:38.074[0;39m [[32m INFO[0;39m] [35m62476[0;39m [2m[           main ][0;39m [32morg.quartz.impl.StdSchedulerFactory[0;39m:1374 [2m:[0;39m Quartz scheduler 'quartzScheduler' initialized from an externally provided properties instance.
[2m2024-06-26 16:17:38.074[0;39m [[32m INFO[0;39m] [35m62476[0;39m [2m[           main ][0;39m [32morg.quartz.impl.StdSchedulerFactory[0;39m:1378 [2m:[0;39m Quartz scheduler version: 2.3.2
[2m2024-06-26 16:17:38.074[0;39m [[32m INFO[0;39m] [35m62476[0;39m [2m[           main ][0;39m [32morg.quartz.core.QuartzScheduler[0;39m:2293 [2m:[0;39m JobFactory set to: org.springframework.scheduling.quartz.SpringBeanJobFactory@61526469
[2m2024-06-26 16:17:38.369[0;39m [[32m INFO[0;39m] [35m62476[0;39m [2m[           main ][0;39m [32morg.apache.coyote.http11.Http11NioProtocol[0;39m:173 [2m:[0;39m Starting ProtocolHandler ["http-nio-8088"]
[2m2024-06-26 16:17:38.449[0;39m [[32m INFO[0;39m] [35m62476[0;39m [2m[           main ][0;39m [32morg.quartz.core.QuartzScheduler[0;39m:547 [2m:[0;39m Scheduler quartzScheduler_$_NON_CLUSTERED started.
[2m2024-06-26 16:17:38.487[0;39m [[32m INFO[0;39m] [35m62476[0;39m [2m[           main ][0;39m [32mnet.mingsoft.MSApplication[0;39m:61 [2m:[0;39m Started MSApplication in 26.274 seconds (JVM running for 28.43)
[2m2024-06-26 16:18:04.686[0;39m [[32m INFO[0;39m] [35m62476[0;39m [2m[nio-8088-exec-1 ][0;39m [32morg.apache.catalina.core.ContainerBase.[Tomcat].[localhost].[/][0;39m:173 [2m:[0;39m Initializing Spring DispatcherServlet 'dispatcherServlet'
[2m2024-06-26 16:18:04.716[0;39m [[32m INFO[0;39m] [35m62476[0;39m [2m[nio-8088-exec-1 ][0;39m [32morg.apache.shiro.session.mgt.AbstractValidatingSessionManager[0;39m:233 [2m:[0;39m Enabling session validation scheduler...
[2m2024-06-26 16:23:55.020[0;39m [[33m WARN[0;39m] [35m62476[0;39m [2m[nio-8088-exec-5 ][0;39m [33morg.apache.ibatis.io.SerialFilterChecker[0;39m:45 [2m:[0;39m As you are using functionality that deserializes object streams, it is recommended to define the JEP-290 serial filter. Please refer to https://docs.oracle.com/pls/topic/lookup?ctx=javase15&id=GUID-8296D8E8-2B93-4B9A-856E-0A65AF9B8C66
[2m2024-06-26 16:36:04.490[0;39m [[32m INFO[0;39m] [35m62476[0;39m [2m[ionShutdownHook ][0;39m [32morg.quartz.core.QuartzScheduler[0;39m:585 [2m:[0;39m Scheduler quartzScheduler_$_NON_CLUSTERED paused.
[2m2024-06-26 16:36:04.556[0;39m [[32m INFO[0;39m] [35m62476[0;39m [2m[ionShutdownHook ][0;39m [32morg.quartz.core.QuartzScheduler[0;39m:666 [2m:[0;39m Scheduler quartzScheduler_$_NON_CLUSTERED shutting down.
[2m2024-06-26 16:36:04.556[0;39m [[32m INFO[0;39m] [35m62476[0;39m [2m[ionShutdownHook ][0;39m [32morg.quartz.core.QuartzScheduler[0;39m:585 [2m:[0;39m Scheduler quartzScheduler_$_NON_CLUSTERED paused.
[2m2024-06-26 16:36:04.557[0;39m [[32m INFO[0;39m] [35m62476[0;39m [2m[ionShutdownHook ][0;39m [32morg.quartz.core.QuartzScheduler[0;39m:740 [2m:[0;39m Scheduler quartzScheduler_$_NON_CLUSTERED shutdown complete.
[2m2024-06-26 16:36:04.698[0;39m [[32m INFO[0;39m] [35m62476[0;39m [2m[ionShutdownHook ][0;39m [32mcom.alibaba.druid.pool.DruidDataSource[0;39m:2212 [2m:[0;39m {dataSource-1} closing ...
[2m2024-06-26 16:36:04.739[0;39m [[32m INFO[0;39m] [35m62476[0;39m [2m[ionShutdownHook ][0;39m [32mcom.alibaba.druid.pool.DruidDataSource[0;39m:2285 [2m:[0;39m {dataSource-1} closed
