[2m2024-06-26 16:17:14.385[0;39m [[32m INFO[0;39m] [35m62476[0;39m [2m[           main ][0;39m [32mnet.mingsoft.MSApplication[0;39m:55 [2m:[0;39m Starting MSApplication v5.4.0-SNAPSHOT using Java 1.8.0_341 on Ming-Soft with PID 62476 (/Users/killfen/git/MCMS/src/main/webapp/ms-mcms.jar started by killfen in /Users/killfen/git/MCMS/src/main/webapp)
[2m2024-06-26 16:17:14.427[0;39m [[32mDEBUG[0;39m] [35m62476[0;39m [2m[           main ][0;39m [32mnet.mingsoft.MSApplication[0;39m:56 [2m:[0;39m Running with Spring Boot v2.7.18, Spring v5.3.31
[2m2024-06-26 16:17:14.431[0;39m [[32m INFO[0;39m] [35m62476[0;39m [2m[           main ][0;39m [32mnet.mingsoft.MSApplication[0;39m:638 [2m:[0;39m The following 1 profile is active: "dev"
[2m2024-06-26 16:17:20.885[0;39m [[32m INFO[0;39m] [35m62476[0;39m [2m[           main ][0;39m [32mcom.alibaba.druid.spring.boot.autoconfigure.DruidDataSourceAutoConfigure[0;39m:66 [2m:[0;39m Init DruidDataSource
[2m2024-06-26 16:17:21.810[0;39m [[32m INFO[0;39m] [35m62476[0;39m [2m[           main ][0;39m [32mcom.alibaba.druid.pool.DruidDataSource[0;39m:1007 [2m:[0;39m {dataSource-1} inited
[2m2024-06-26 16:17:24.805[0;39m [[33m WARN[0;39m] [35m62476[0;39m [2m[           main ][0;39m [33mcom.baomidou.mybatisplus.core.injector.AbstractMethod[0;39m:414 [2m:[0;39m [net.mingsoft.basic.dao.IManagerDao.delete] Has been loaded by XML or SqlProvider or Mybatis's Annotation, so ignoring this injection for [class com.baomidou.mybatisplus.core.injector.methods.Delete]
[2m2024-06-26 16:17:25.720[0;39m [[33m WARN[0;39m] [35m62476[0;39m [2m[           main ][0;39m [33mcom.baomidou.mybatisplus.core.injector.AbstractMethod[0;39m:414 [2m:[0;39m [net.mingsoft.basic.dao.IModelDao.delete] Has been loaded by XML or SqlProvider or Mybatis's Annotation, so ignoring this injection for [class com.baomidou.mybatisplus.core.injector.methods.Delete]
[2m2024-06-26 16:17:25.945[0;39m [[33m WARN[0;39m] [35m62476[0;39m [2m[           main ][0;39m [33mcom.baomidou.mybatisplus.core.metadata.TableInfoHelper[0;39m:342 [2m:[0;39m Can not find table primary key in Class: "net.mingsoft.basic.entity.RoleModelEntity".
[2m2024-06-26 16:17:25.945[0;39m [[33m WARN[0;39m] [35m62476[0;39m [2m[           main ][0;39m [33mcom.baomidou.mybatisplus.core.injector.DefaultSqlInjector[0;39m:56 [2m:[0;39m class net.mingsoft.basic.entity.RoleModelEntity ,Not found @TableId annotation, Cannot use Mybatis-Plus 'xxById' Method.
[2m2024-06-26 16:17:27.586[0;39m [[32m INFO[0;39m] [35m62476[0;39m [2m[           main ][0;39m [32morg.apache.coyote.http11.Http11NioProtocol[0;39m:173 [2m:[0;39m Initializing ProtocolHandler ["http-nio-8088"]
[2m2024-06-26 16:17:27.592[0;39m [[32m INFO[0;39m] [35m62476[0;39m [2m[           main ][0;39m [32morg.apache.catalina.core.StandardService[0;39m:173 [2m:[0;39m Starting service [Tomcat]
[2m2024-06-26 16:17:27.593[0;39m [[32m INFO[0;39m] [35m62476[0;39m [2m[           main ][0;39m [32morg.apache.catalina.core.StandardEngine[0;39m:173 [2m:[0;39m Starting Servlet engine: [Apache Tomcat/9.0.83]
[2m2024-06-26 16:17:27.849[0;39m [[32m INFO[0;39m] [35m62476[0;39m [2m[           main ][0;39m [32morg.apache.catalina.core.ContainerBase.[Tomcat].[localhost].[/][0;39m:173 [2m:[0;39m Initializing Spring embedded WebApplicationContext
[2m2024-06-26 16:17:28.227[0;39m [[32mDEBUG[0;39m] [35m62476[0;39m [2m[           main ][0;39m [32mnet.mingsoft.basic.filter.XSSEscapeFilter[0;39m:140 [2m:[0;39m xss filter init
[2m2024-06-26 16:17:28.930[0;39m [[33m WARN[0;39m] [35m62476[0;39m [2m[           main ][0;39m [33mcom.baomidou.mybatisplus.core.injector.AbstractMethod[0;39m:414 [2m:[0;39m [net.mingsoft.cms.dao.ICategoryDao.delete] Has been loaded by XML or SqlProvider or Mybatis's Annotation, so ignoring this injection for [class com.baomidou.mybatisplus.core.injector.methods.Delete]
[2m2024-06-26 16:17:29.471[0;39m [[33m WARN[0;39m] [35m62476[0;39m [2m[           main ][0;39m [33mcom.baomidou.mybatisplus.core.injector.AbstractMethod[0;39m:414 [2m:[0;39m [net.mingsoft.cms.dao.IContentDao.delete] Has been loaded by XML or SqlProvider or Mybatis's Annotation, so ignoring this injection for [class com.baomidou.mybatisplus.core.injector.methods.Delete]
[2m2024-06-26 16:17:30.045[0;39m [[33m WARN[0;39m] [35m62476[0;39m [2m[           main ][0;39m [33mcom.baomidou.mybatisplus.core.injector.AbstractMethod[0;39m:414 [2m:[0;39m [net.mingsoft.mdiy.dao.ITagDao.delete] Has been loaded by XML or SqlProvider or Mybatis's Annotation, so ignoring this injection for [class com.baomidou.mybatisplus.core.injector.methods.Delete]
[2m2024-06-26 16:17:30.848[0;39m [[33m WARN[0;39m] [35m62476[0;39m [2m[           main ][0;39m [33mcom.baomidou.mybatisplus.core.injector.AbstractMethod[0;39m:414 [2m:[0;39m [net.mingsoft.mdiy.dao.IModelDao.delete] Has been loaded by XML or SqlProvider or Mybatis's Annotation, so ignoring this injection for [class com.baomidou.mybatisplus.core.injector.methods.Delete]
[2m2024-06-26 16:17:31.428[0;39m [[33m WARN[0;39m] [35m62476[0;39m [2m[           main ][0;39m [33mcom.baomidou.mybatisplus.core.injector.AbstractMethod[0;39m:414 [2m:[0;39m [net.mingsoft.basic.dao.ICityDao.delete] Has been loaded by XML or SqlProvider or Mybatis's Annotation, so ignoring this injection for [class com.baomidou.mybatisplus.core.injector.methods.Delete]
[2m2024-06-26 16:17:31.657[0;39m [[33m WARN[0;39m] [35m62476[0;39m [2m[           main ][0;39m [33mcom.baomidou.mybatisplus.core.injector.AbstractMethod[0;39m:414 [2m:[0;39m [net.mingsoft.basic.dao.ILogDao.delete] Has been loaded by XML or SqlProvider or Mybatis's Annotation, so ignoring this injection for [class com.baomidou.mybatisplus.core.injector.methods.Delete]
[2m2024-06-26 16:17:31.878[0;39m [[33m WARN[0;39m] [35m62476[0;39m [2m[           main ][0;39m [33mcom.baomidou.mybatisplus.core.injector.AbstractMethod[0;39m:414 [2m:[0;39m [net.mingsoft.basic.dao.IRoleDao.delete] Has been loaded by XML or SqlProvider or Mybatis's Annotation, so ignoring this injection for [class com.baomidou.mybatisplus.core.injector.methods.Delete]
[2m2024-06-26 16:17:32.935[0;39m [[33m WARN[0;39m] [35m62476[0;39m [2m[           main ][0;39m [33mcom.baomidou.mybatisplus.core.injector.AbstractMethod[0;39m:414 [2m:[0;39m [net.mingsoft.mdiy.dao.IPageDao.delete] Has been loaded by XML or SqlProvider or Mybatis's Annotation, so ignoring this injection for [class com.baomidou.mybatisplus.core.injector.methods.Delete]
[2m2024-06-26 16:17:33.160[0;39m [[33m WARN[0;39m] [35m62476[0;39m [2m[           main ][0;39m [33mcom.baomidou.mybatisplus.core.injector.AbstractMethod[0;39m:414 [2m:[0;39m [net.mingsoft.mdiy.dao.IDictDao.delete] Has been loaded by XML or SqlProvider or Mybatis's Annotation, so ignoring this injection for [class com.baomidou.mybatisplus.core.injector.methods.Delete]
[2m2024-06-26 16:17:38.021[0;39m [[32m INFO[0;39m] [35m62476[0;39m [2m[           main ][0;39m [32morg.quartz.impl.StdSchedulerFactory[0;39m:1220 [2m:[0;39m Using default implementation for ThreadExecutor
[2m2024-06-26 16:17:38.069[0;39m [[32m INFO[0;39m] [35m62476[0;39m [2m[           main ][0;39m [32morg.quartz.core.SchedulerSignalerImpl[0;39m:61 [2m:[0;39m Initialized Scheduler Signaller of type: class org.quartz.core.SchedulerSignalerImpl
[2m2024-06-26 16:17:38.069[0;39m [[32m INFO[0;39m] [35m62476[0;39m [2m[           main ][0;39m [32morg.quartz.core.QuartzScheduler[0;39m:229 [2m:[0;39m Quartz Scheduler v.2.3.2 created.
[2m2024-06-26 16:17:38.071[0;39m [[32m INFO[0;39m] [35m62476[0;39m [2m[           main ][0;39m [32morg.quartz.simpl.RAMJobStore[0;39m:155 [2m:[0;39m RAMJobStore initialized.
[2m2024-06-26 16:17:38.073[0;39m [[32m INFO[0;39m] [35m62476[0;39m [2m[           main ][0;39m [32morg.quartz.core.QuartzScheduler[0;39m:294 [2m:[0;39m Scheduler meta-data: Quartz Scheduler (v2.3.2) 'quartzScheduler' with instanceId 'NON_CLUSTERED'
  Scheduler class: 'org.quartz.core.QuartzScheduler' - running locally.
  NOT STARTED.
  Currently in standby mode.
  Number of jobs executed: 0
  Using thread pool 'org.quartz.simpl.SimpleThreadPool' - with 10 threads.
  Using job-store 'org.quartz.simpl.RAMJobStore' - which does not support persistence. and is not clustered.

[2m2024-06-26 16:17:38.074[0;39m [[32m INFO[0;39m] [35m62476[0;39m [2m[           main ][0;39m [32morg.quartz.impl.StdSchedulerFactory[0;39m:1374 [2m:[0;39m Quartz scheduler 'quartzScheduler' initialized from an externally provided properties instance.
[2m2024-06-26 16:17:38.074[0;39m [[32m INFO[0;39m] [35m62476[0;39m [2m[           main ][0;39m [32morg.quartz.impl.StdSchedulerFactory[0;39m:1378 [2m:[0;39m Quartz scheduler version: 2.3.2
[2m2024-06-26 16:17:38.074[0;39m [[32m INFO[0;39m] [35m62476[0;39m [2m[           main ][0;39m [32morg.quartz.core.QuartzScheduler[0;39m:2293 [2m:[0;39m JobFactory set to: org.springframework.scheduling.quartz.SpringBeanJobFactory@61526469
[2m2024-06-26 16:17:38.369[0;39m [[32m INFO[0;39m] [35m62476[0;39m [2m[           main ][0;39m [32morg.apache.coyote.http11.Http11NioProtocol[0;39m:173 [2m:[0;39m Starting ProtocolHandler ["http-nio-8088"]
[2m2024-06-26 16:17:38.449[0;39m [[32m INFO[0;39m] [35m62476[0;39m [2m[           main ][0;39m [32morg.quartz.core.QuartzScheduler[0;39m:547 [2m:[0;39m Scheduler quartzScheduler_$_NON_CLUSTERED started.
[2m2024-06-26 16:17:38.487[0;39m [[32m INFO[0;39m] [35m62476[0;39m [2m[           main ][0;39m [32mnet.mingsoft.MSApplication[0;39m:61 [2m:[0;39m Started MSApplication in 26.274 seconds (JVM running for 28.43)
[2m2024-06-26 16:18:04.686[0;39m [[32m INFO[0;39m] [35m62476[0;39m [2m[nio-8088-exec-1 ][0;39m [32morg.apache.catalina.core.ContainerBase.[Tomcat].[localhost].[/][0;39m:173 [2m:[0;39m Initializing Spring DispatcherServlet 'dispatcherServlet'
[2m2024-06-26 16:18:04.716[0;39m [[32m INFO[0;39m] [35m62476[0;39m [2m[nio-8088-exec-1 ][0;39m [32morg.apache.shiro.session.mgt.AbstractValidatingSessionManager[0;39m:233 [2m:[0;39m Enabling session validation scheduler...
[2m2024-06-26 16:18:05.145[0;39m [[32mDEBUG[0;39m] [35m62476[0;39m [2m[nio-8088-exec-1 ][0;39m [32mnet.mingsoft.basic.dao.IAppDao.selectList[0;39m:135 [2m:[0;39m ==>  Preparing: SELECT id,app_state,app_name,app_description,app_logo,app_style,app_keyword,app_copyright,app_dir,app_url,app_datetime,app_pay_date,app_pay,create_by,create_date,del,update_by,update_date FROM app WHERE (app_url LIKE ?)
[2m2024-06-26 16:18:05.515[0;39m [[32mDEBUG[0;39m] [35m62476[0;39m [2m[nio-8088-exec-1 ][0;39m [32mnet.mingsoft.basic.dao.IAppDao.selectList[0;39m:135 [2m:[0;39m ==> Parameters: %localhost:8088%(String)
[2m2024-06-26 16:18:05.549[0;39m [[32mDEBUG[0;39m] [35m62476[0;39m [2m[nio-8088-exec-1 ][0;39m [32mnet.mingsoft.basic.dao.IAppDao.selectList[0;39m:135 [2m:[0;39m <==      Total: 0
[2m2024-06-26 16:18:05.633[0;39m [[32mDEBUG[0;39m] [35m62476[0;39m [2m[nio-8088-exec-1 ][0;39m [32mnet.mingsoft.basic.dao.IAppDao.selectList[0;39m:135 [2m:[0;39m ==>  Preparing: SELECT id,app_state,app_name,app_description,app_logo,app_style,app_keyword,app_copyright,app_dir,app_url,app_datetime,app_pay_date,app_pay,create_by,create_date,del,update_by,update_date FROM app
[2m2024-06-26 16:18:05.636[0;39m [[32mDEBUG[0;39m] [35m62476[0;39m [2m[nio-8088-exec-1 ][0;39m [32mnet.mingsoft.basic.dao.IAppDao.selectList[0;39m:135 [2m:[0;39m ==> Parameters: 
[2m2024-06-26 16:18:05.659[0;39m [[32mDEBUG[0;39m] [35m62476[0;39m [2m[nio-8088-exec-1 ][0;39m [32mnet.mingsoft.basic.dao.IAppDao.selectList[0;39m:135 [2m:[0;39m <==      Total: 1
[2m2024-06-26 16:18:05.692[0;39m [[32mDEBUG[0;39m] [35m62476[0;39m [2m[nio-8088-exec-1 ][0;39m [32mnet.mingsoft.basic.util.BasicUtil[0;39m:295 [2m:[0;39m server:localhost,basePath:http://localhost:8088/
[2m2024-06-26 16:18:05.749[0;39m [[32mDEBUG[0;39m] [35m62476[0;39m [2m[nio-8088-exec-1 ][0;39m [32mnet.mingsoft.basic.util.BasicUtil[0;39m:295 [2m:[0;39m server:localhost,basePath:http://localhost:8088/
[2m2024-06-26 16:18:06.852[0;39m [[32mDEBUG[0;39m] [35m62476[0;39m [2m[nio-8088-exec-3 ][0;39m [32mnet.mingsoft.basic.util.BasicUtil[0;39m:295 [2m:[0;39m server:localhost,basePath:http://localhost:8088/
[2m2024-06-26 16:18:08.213[0;39m [[32mDEBUG[0;39m] [35m62476[0;39m [2m[nio-8088-exec-2 ][0;39m [32mnet.mingsoft.basic.util.BasicUtil[0;39m:295 [2m:[0;39m server:localhost,basePath:http://localhost:8088/
[2m2024-06-26 16:18:08.253[0;39m [[32mDEBUG[0;39m] [35m62476[0;39m [2m[nio-8088-exec-2 ][0;39m [32mnet.mingsoft.basic.util.BasicUtil[0;39m:295 [2m:[0;39m server:localhost,basePath:http://localhost:8088/
[2m2024-06-26 16:18:08.260[0;39m [[32mDEBUG[0;39m] [35m62476[0;39m [2m[nio-8088-exec-2 ][0;39m [32mnet.mingsoft.basic.exception.ErrorController[0;39m:74 [2m:[0;39m error status 404 NOT_FOUND, error {timestamp=2024-06-26T16:18:08.259+0800, status=404, error=Not Found, path=/favicon.ico},url /error
[2m2024-06-26 16:18:13.679[0;39m [[32mDEBUG[0;39m] [35m62476[0;39m [2m[nio-8088-exec-8 ][0;39m [32mnet.mingsoft.basic.util.BasicUtil[0;39m:295 [2m:[0;39m server:localhost,basePath:http://localhost:8088/
[2m2024-06-26 16:18:13.799[0;39m [[32mDEBUG[0;39m] [35m62476[0;39m [2m[nio-8088-exec-8 ][0;39m [32mnet.mingsoft.basic.action.web.LoginAction[0;39m:113 [2m:[0;39m basic checkLogin
[2m2024-06-26 16:18:13.799[0;39m [[32mDEBUG[0;39m] [35m62476[0;39m [2m[nio-8088-exec-8 ][0;39m [32mnet.mingsoft.basic.action.web.LoginAction[0;39m:148 [2m:[0;39m session_code:mmgd requestCode:mmgd
[2m2024-06-26 16:18:13.833[0;39m [[32mDEBUG[0;39m] [35m62476[0;39m [2m[nio-8088-exec-8 ][0;39m [32mnet.mingsoft.basic.dao.IManagerDao.updateCache[0;39m:135 [2m:[0;39m ==>  Preparing: UPDATE manager set del=del where del < 0
[2m2024-06-26 16:18:13.840[0;39m [[32mDEBUG[0;39m] [35m62476[0;39m [2m[nio-8088-exec-8 ][0;39m [32mnet.mingsoft.basic.dao.IManagerDao.updateCache[0;39m:135 [2m:[0;39m ==> Parameters: 
[2m2024-06-26 16:18:13.852[0;39m [[32mDEBUG[0;39m] [35m62476[0;39m [2m[nio-8088-exec-8 ][0;39m [32mnet.mingsoft.basic.dao.IManagerDao.updateCache[0;39m:135 [2m:[0;39m <==    Updates: 0
[2m2024-06-26 16:18:13.866[0;39m [[32mDEBUG[0;39m] [35m62476[0;39m [2m[nio-8088-exec-8 ][0;39m [32mnet.mingsoft.basic.dao.IManagerDao[0;39m:60 [2m:[0;39m Cache Hit Ratio [net.mingsoft.basic.dao.IManagerDao]: 0.0
[2m2024-06-26 16:18:13.870[0;39m [[32mDEBUG[0;39m] [35m62476[0;39m [2m[nio-8088-exec-8 ][0;39m [32mnet.mingsoft.basic.dao.IManagerDao.getByEntity[0;39m:135 [2m:[0;39m ==>  Preparing: select * from manager WHERE MANAGER_NAME=?
[2m2024-06-26 16:18:13.872[0;39m [[32mDEBUG[0;39m] [35m62476[0;39m [2m[nio-8088-exec-8 ][0;39m [32mnet.mingsoft.basic.dao.IManagerDao.getByEntity[0;39m:135 [2m:[0;39m ==> Parameters: msopen(String)
[2m2024-06-26 16:18:13.882[0;39m [[32mDEBUG[0;39m] [35m62476[0;39m [2m[nio-8088-exec-8 ][0;39m [32mnet.mingsoft.basic.dao.IManagerDao.getByEntity[0;39m:135 [2m:[0;39m <==      Total: 1
[2m2024-06-26 16:18:13.981[0;39m [[32mDEBUG[0;39m] [35m62476[0;39m [2m[nio-8088-exec-4 ][0;39m [32mnet.mingsoft.basic.util.BasicUtil[0;39m:295 [2m:[0;39m server:localhost,basePath:http://localhost:8088/
[2m2024-06-26 16:18:28.881[0;39m [[32mDEBUG[0;39m] [35m62476[0;39m [2m[nio-8088-exec-1 ][0;39m [32mnet.mingsoft.basic.util.BasicUtil[0;39m:295 [2m:[0;39m server:localhost,basePath:http://localhost:8088/
[2m2024-06-26 16:18:28.892[0;39m [[32mDEBUG[0;39m] [35m62476[0;39m [2m[nio-8088-exec-1 ][0;39m [32mnet.mingsoft.basic.action.web.LoginAction[0;39m:113 [2m:[0;39m basic checkLogin
[2m2024-06-26 16:18:28.893[0;39m [[32mDEBUG[0;39m] [35m62476[0;39m [2m[nio-8088-exec-1 ][0;39m [32mnet.mingsoft.basic.action.web.LoginAction[0;39m:148 [2m:[0;39m session_code:x1yq requestCode:x1yq
[2m2024-06-26 16:18:28.902[0;39m [[32mDEBUG[0;39m] [35m62476[0;39m [2m[nio-8088-exec-1 ][0;39m [32mnet.mingsoft.basic.dao.IManagerDao.updateCache[0;39m:135 [2m:[0;39m ==>  Preparing: UPDATE manager set del=del where del < 0
[2m2024-06-26 16:18:28.903[0;39m [[32mDEBUG[0;39m] [35m62476[0;39m [2m[nio-8088-exec-1 ][0;39m [32mnet.mingsoft.basic.dao.IManagerDao.updateCache[0;39m:135 [2m:[0;39m ==> Parameters: 
[2m2024-06-26 16:18:28.911[0;39m [[32mDEBUG[0;39m] [35m62476[0;39m [2m[nio-8088-exec-1 ][0;39m [32mnet.mingsoft.basic.dao.IManagerDao.updateCache[0;39m:135 [2m:[0;39m <==    Updates: 0
[2m2024-06-26 16:18:28.919[0;39m [[32mDEBUG[0;39m] [35m62476[0;39m [2m[nio-8088-exec-1 ][0;39m [32mnet.mingsoft.basic.dao.IManagerDao[0;39m:60 [2m:[0;39m Cache Hit Ratio [net.mingsoft.basic.dao.IManagerDao]: 0.0
[2m2024-06-26 16:18:28.923[0;39m [[32mDEBUG[0;39m] [35m62476[0;39m [2m[nio-8088-exec-1 ][0;39m [32mnet.mingsoft.basic.dao.IManagerDao.getByEntity[0;39m:135 [2m:[0;39m ==>  Preparing: select * from manager WHERE MANAGER_NAME=?
[2m2024-06-26 16:18:28.924[0;39m [[32mDEBUG[0;39m] [35m62476[0;39m [2m[nio-8088-exec-1 ][0;39m [32mnet.mingsoft.basic.dao.IManagerDao.getByEntity[0;39m:135 [2m:[0;39m ==> Parameters: msopen(String)
[2m2024-06-26 16:18:28.931[0;39m [[32mDEBUG[0;39m] [35m62476[0;39m [2m[nio-8088-exec-1 ][0;39m [32mnet.mingsoft.basic.dao.IManagerDao.getByEntity[0;39m:135 [2m:[0;39m <==      Total: 1
[2m2024-06-26 16:18:28.961[0;39m [[32mDEBUG[0;39m] [35m62476[0;39m [2m[nio-8088-exec-9 ][0;39m [32mnet.mingsoft.basic.util.BasicUtil[0;39m:295 [2m:[0;39m server:localhost,basePath:http://localhost:8088/
[2m2024-06-26 16:18:38.862[0;39m [[32mDEBUG[0;39m] [35m62476[0;39m [2m[nio-8088-exec-7 ][0;39m [32mnet.mingsoft.basic.util.BasicUtil[0;39m:295 [2m:[0;39m server:localhost,basePath:http://localhost:8088/
[2m2024-06-26 16:18:38.864[0;39m [[32mDEBUG[0;39m] [35m62476[0;39m [2m[nio-8088-exec-7 ][0;39m [32mnet.mingsoft.basic.action.web.LoginAction[0;39m:113 [2m:[0;39m basic checkLogin
[2m2024-06-26 16:18:38.869[0;39m [[32mDEBUG[0;39m] [35m62476[0;39m [2m[nio-8088-exec-7 ][0;39m [32mnet.mingsoft.basic.action.web.LoginAction[0;39m:148 [2m:[0;39m session_code:e2y7 requestCode:e2y7
[2m2024-06-26 16:18:38.873[0;39m [[32mDEBUG[0;39m] [35m62476[0;39m [2m[nio-8088-exec-7 ][0;39m [32mnet.mingsoft.basic.dao.IManagerDao.updateCache[0;39m:135 [2m:[0;39m ==>  Preparing: UPDATE manager set del=del where del < 0
[2m2024-06-26 16:18:38.874[0;39m [[32mDEBUG[0;39m] [35m62476[0;39m [2m[nio-8088-exec-7 ][0;39m [32mnet.mingsoft.basic.dao.IManagerDao.updateCache[0;39m:135 [2m:[0;39m ==> Parameters: 
[2m2024-06-26 16:18:38.881[0;39m [[32mDEBUG[0;39m] [35m62476[0;39m [2m[nio-8088-exec-7 ][0;39m [32mnet.mingsoft.basic.dao.IManagerDao.updateCache[0;39m:135 [2m:[0;39m <==    Updates: 0
[2m2024-06-26 16:18:38.887[0;39m [[32mDEBUG[0;39m] [35m62476[0;39m [2m[nio-8088-exec-7 ][0;39m [32mnet.mingsoft.basic.dao.IManagerDao[0;39m:60 [2m:[0;39m Cache Hit Ratio [net.mingsoft.basic.dao.IManagerDao]: 0.0
[2m2024-06-26 16:18:38.892[0;39m [[32mDEBUG[0;39m] [35m62476[0;39m [2m[nio-8088-exec-7 ][0;39m [32mnet.mingsoft.basic.dao.IManagerDao.getByEntity[0;39m:135 [2m:[0;39m ==>  Preparing: select * from manager WHERE MANAGER_NAME=?
[2m2024-06-26 16:18:38.893[0;39m [[32mDEBUG[0;39m] [35m62476[0;39m [2m[nio-8088-exec-7 ][0;39m [32mnet.mingsoft.basic.dao.IManagerDao.getByEntity[0;39m:135 [2m:[0;39m ==> Parameters: msopen(String)
[2m2024-06-26 16:18:38.900[0;39m [[32mDEBUG[0;39m] [35m62476[0;39m [2m[nio-8088-exec-7 ][0;39m [32mnet.mingsoft.basic.dao.IManagerDao.getByEntity[0;39m:135 [2m:[0;39m <==      Total: 1
[2m2024-06-26 16:18:38.918[0;39m [[32mDEBUG[0;39m] [35m62476[0;39m [2m[nio-8088-exec-6 ][0;39m [32mnet.mingsoft.basic.util.BasicUtil[0;39m:295 [2m:[0;39m server:localhost,basePath:http://localhost:8088/
[2m2024-06-26 16:18:44.696[0;39m [[32mDEBUG[0;39m] [35m62476[0;39m [2m[io-8088-exec-10 ][0;39m [32mnet.mingsoft.basic.util.BasicUtil[0;39m:295 [2m:[0;39m server:localhost,basePath:http://localhost:8088/
[2m2024-06-26 16:18:44.700[0;39m [[32mDEBUG[0;39m] [35m62476[0;39m [2m[io-8088-exec-10 ][0;39m [32mnet.mingsoft.basic.action.web.LoginAction[0;39m:113 [2m:[0;39m basic checkLogin
[2m2024-06-26 16:18:44.701[0;39m [[32mDEBUG[0;39m] [35m62476[0;39m [2m[io-8088-exec-10 ][0;39m [32mnet.mingsoft.basic.action.web.LoginAction[0;39m:148 [2m:[0;39m session_code:dmyx requestCode:dmyx
[2m2024-06-26 16:18:44.714[0;39m [[32mDEBUG[0;39m] [35m62476[0;39m [2m[io-8088-exec-10 ][0;39m [32mnet.mingsoft.basic.dao.IManagerDao.updateCache[0;39m:135 [2m:[0;39m ==>  Preparing: UPDATE manager set del=del where del < 0
[2m2024-06-26 16:18:44.716[0;39m [[32mDEBUG[0;39m] [35m62476[0;39m [2m[io-8088-exec-10 ][0;39m [32mnet.mingsoft.basic.dao.IManagerDao.updateCache[0;39m:135 [2m:[0;39m ==> Parameters: 
[2m2024-06-26 16:18:44.723[0;39m [[32mDEBUG[0;39m] [35m62476[0;39m [2m[io-8088-exec-10 ][0;39m [32mnet.mingsoft.basic.dao.IManagerDao.updateCache[0;39m:135 [2m:[0;39m <==    Updates: 0
[2m2024-06-26 16:18:44.728[0;39m [[32mDEBUG[0;39m] [35m62476[0;39m [2m[io-8088-exec-10 ][0;39m [32mnet.mingsoft.basic.dao.IManagerDao[0;39m:60 [2m:[0;39m Cache Hit Ratio [net.mingsoft.basic.dao.IManagerDao]: 0.0
[2m2024-06-26 16:18:44.732[0;39m [[32mDEBUG[0;39m] [35m62476[0;39m [2m[io-8088-exec-10 ][0;39m [32mnet.mingsoft.basic.dao.IManagerDao.getByEntity[0;39m:135 [2m:[0;39m ==>  Preparing: select * from manager WHERE MANAGER_NAME=?
[2m2024-06-26 16:18:44.735[0;39m [[32mDEBUG[0;39m] [35m62476[0;39m [2m[io-8088-exec-10 ][0;39m [32mnet.mingsoft.basic.dao.IManagerDao.getByEntity[0;39m:135 [2m:[0;39m ==> Parameters: msopen(String)
[2m2024-06-26 16:18:44.740[0;39m [[32mDEBUG[0;39m] [35m62476[0;39m [2m[io-8088-exec-10 ][0;39m [32mnet.mingsoft.basic.dao.IManagerDao.getByEntity[0;39m:135 [2m:[0;39m <==      Total: 1
[2m2024-06-26 16:18:44.763[0;39m [[32mDEBUG[0;39m] [35m62476[0;39m [2m[nio-8088-exec-5 ][0;39m [32mnet.mingsoft.basic.util.BasicUtil[0;39m:295 [2m:[0;39m server:localhost,basePath:http://localhost:8088/
[2m2024-06-26 16:20:24.163[0;39m [[32mDEBUG[0;39m] [35m62476[0;39m [2m[nio-8088-exec-7 ][0;39m [32mnet.mingsoft.basic.util.BasicUtil[0;39m:295 [2m:[0;39m server:localhost,basePath:http://localhost:8088/
[2m2024-06-26 16:20:24.174[0;39m [[32mDEBUG[0;39m] [35m62476[0;39m [2m[nio-8088-exec-7 ][0;39m [32mnet.mingsoft.basic.action.web.LoginAction[0;39m:113 [2m:[0;39m basic checkLogin
[2m2024-06-26 16:20:24.174[0;39m [[32mDEBUG[0;39m] [35m62476[0;39m [2m[nio-8088-exec-7 ][0;39m [32mnet.mingsoft.basic.action.web.LoginAction[0;39m:148 [2m:[0;39m session_code:t5sb requestCode:t5sb
[2m2024-06-26 16:20:24.185[0;39m [[32mDEBUG[0;39m] [35m62476[0;39m [2m[nio-8088-exec-7 ][0;39m [32mnet.mingsoft.basic.dao.IManagerDao.updateCache[0;39m:135 [2m:[0;39m ==>  Preparing: UPDATE manager set del=del where del < 0
[2m2024-06-26 16:20:24.186[0;39m [[32mDEBUG[0;39m] [35m62476[0;39m [2m[nio-8088-exec-7 ][0;39m [32mnet.mingsoft.basic.dao.IManagerDao.updateCache[0;39m:135 [2m:[0;39m ==> Parameters: 
[2m2024-06-26 16:20:24.193[0;39m [[32mDEBUG[0;39m] [35m62476[0;39m [2m[nio-8088-exec-7 ][0;39m [32mnet.mingsoft.basic.dao.IManagerDao.updateCache[0;39m:135 [2m:[0;39m <==    Updates: 0
[2m2024-06-26 16:20:24.200[0;39m [[32mDEBUG[0;39m] [35m62476[0;39m [2m[nio-8088-exec-7 ][0;39m [32mnet.mingsoft.basic.dao.IManagerDao[0;39m:60 [2m:[0;39m Cache Hit Ratio [net.mingsoft.basic.dao.IManagerDao]: 0.0
[2m2024-06-26 16:20:24.204[0;39m [[32mDEBUG[0;39m] [35m62476[0;39m [2m[nio-8088-exec-7 ][0;39m [32mnet.mingsoft.basic.dao.IManagerDao.getByEntity[0;39m:135 [2m:[0;39m ==>  Preparing: select * from manager WHERE MANAGER_NAME=?
[2m2024-06-26 16:20:24.204[0;39m [[32mDEBUG[0;39m] [35m62476[0;39m [2m[nio-8088-exec-7 ][0;39m [32mnet.mingsoft.basic.dao.IManagerDao.getByEntity[0;39m:135 [2m:[0;39m ==> Parameters: msopen(String)
[2m2024-06-26 16:20:24.211[0;39m [[32mDEBUG[0;39m] [35m62476[0;39m [2m[nio-8088-exec-7 ][0;39m [32mnet.mingsoft.basic.dao.IManagerDao.getByEntity[0;39m:135 [2m:[0;39m <==      Total: 1
[2m2024-06-26 16:20:24.241[0;39m [[32mDEBUG[0;39m] [35m62476[0;39m [2m[nio-8088-exec-6 ][0;39m [32mnet.mingsoft.basic.util.BasicUtil[0;39m:295 [2m:[0;39m server:localhost,basePath:http://localhost:8088/
[2m2024-06-26 16:23:54.970[0;39m [[32mDEBUG[0;39m] [35m62476[0;39m [2m[nio-8088-exec-5 ][0;39m [32mnet.mingsoft.basic.util.BasicUtil[0;39m:295 [2m:[0;39m server:localhost,basePath:http://localhost:8088/
[2m2024-06-26 16:23:54.973[0;39m [[32mDEBUG[0;39m] [35m62476[0;39m [2m[nio-8088-exec-5 ][0;39m [32mnet.mingsoft.basic.action.web.LoginAction[0;39m:113 [2m:[0;39m basic checkLogin
[2m2024-06-26 16:23:54.973[0;39m [[32mDEBUG[0;39m] [35m62476[0;39m [2m[nio-8088-exec-5 ][0;39m [32mnet.mingsoft.basic.action.web.LoginAction[0;39m:148 [2m:[0;39m session_code:lepl requestCode:lepl
[2m2024-06-26 16:23:54.977[0;39m [[32mDEBUG[0;39m] [35m62476[0;39m [2m[nio-8088-exec-5 ][0;39m [32mnet.mingsoft.basic.dao.IManagerDao.updateCache[0;39m:135 [2m:[0;39m ==>  Preparing: UPDATE manager set del=del where del < 0
[2m2024-06-26 16:23:54.978[0;39m [[32mDEBUG[0;39m] [35m62476[0;39m [2m[nio-8088-exec-5 ][0;39m [32mnet.mingsoft.basic.dao.IManagerDao.updateCache[0;39m:135 [2m:[0;39m ==> Parameters: 
[2m2024-06-26 16:23:54.986[0;39m [[32mDEBUG[0;39m] [35m62476[0;39m [2m[nio-8088-exec-5 ][0;39m [32mnet.mingsoft.basic.dao.IManagerDao.updateCache[0;39m:135 [2m:[0;39m <==    Updates: 0
[2m2024-06-26 16:23:54.991[0;39m [[32mDEBUG[0;39m] [35m62476[0;39m [2m[nio-8088-exec-5 ][0;39m [32mnet.mingsoft.basic.dao.IManagerDao[0;39m:60 [2m:[0;39m Cache Hit Ratio [net.mingsoft.basic.dao.IManagerDao]: 0.0
[2m2024-06-26 16:23:54.995[0;39m [[32mDEBUG[0;39m] [35m62476[0;39m [2m[nio-8088-exec-5 ][0;39m [32mnet.mingsoft.basic.dao.IManagerDao.getByEntity[0;39m:135 [2m:[0;39m ==>  Preparing: select * from manager WHERE MANAGER_NAME=?
[2m2024-06-26 16:23:54.996[0;39m [[32mDEBUG[0;39m] [35m62476[0;39m [2m[nio-8088-exec-5 ][0;39m [32mnet.mingsoft.basic.dao.IManagerDao.getByEntity[0;39m:135 [2m:[0;39m ==> Parameters: msopen(String)
[2m2024-06-26 16:23:55.004[0;39m [[32mDEBUG[0;39m] [35m62476[0;39m [2m[nio-8088-exec-5 ][0;39m [32mnet.mingsoft.basic.dao.IManagerDao.getByEntity[0;39m:135 [2m:[0;39m <==      Total: 1
[2m2024-06-26 16:23:55.020[0;39m [[33m WARN[0;39m] [35m62476[0;39m [2m[nio-8088-exec-5 ][0;39m [33morg.apache.ibatis.io.SerialFilterChecker[0;39m:45 [2m:[0;39m As you are using functionality that deserializes object streams, it is recommended to define the JEP-290 serial filter. Please refer to https://docs.oracle.com/pls/topic/lookup?ctx=javase15&id=GUID-8296D8E8-2B93-4B9A-856E-0A65AF9B8C66
[2m2024-06-26 16:23:55.036[0;39m [[32mDEBUG[0;39m] [35m62476[0;39m [2m[nio-8088-exec-5 ][0;39m [32mnet.mingsoft.basic.dao.IManagerDao[0;39m:60 [2m:[0;39m Cache Hit Ratio [net.mingsoft.basic.dao.IManagerDao]: 0.14285714285714285
[2m2024-06-26 16:23:55.072[0;39m [[32mDEBUG[0;39m] [35m62476[0;39m [2m[nio-8088-exec-4 ][0;39m [32mnet.mingsoft.basic.util.BasicUtil[0;39m:295 [2m:[0;39m server:localhost,basePath:http://localhost:8088/
[2m2024-06-26 16:23:55.138[0;39m [[32mDEBUG[0;39m] [35m62476[0;39m [2m[nio-8088-exec-4 ][0;39m [32mnet.mingsoft.basic.dao.IModelDao[0;39m:60 [2m:[0;39m Cache Hit Ratio [net.mingsoft.basic.dao.IModelDao]: 0.0
[2m2024-06-26 16:23:55.138[0;39m [[32mDEBUG[0;39m] [35m62476[0;39m [2m[nio-8088-exec-4 ][0;39m [32mnet.mingsoft.basic.dao.IModelDao.queryModelByRoleId[0;39m:135 [2m:[0;39m ==>  Preparing: select * from model where id in (select MODEL_ID from role_model where ROLE_ID=?) order by MODEL_SORT desc,id desc
[2m2024-06-26 16:23:55.145[0;39m [[32mDEBUG[0;39m] [35m62476[0;39m [2m[nio-8088-exec-4 ][0;39m [32mnet.mingsoft.basic.dao.IModelDao.queryModelByRoleId[0;39m:135 [2m:[0;39m ==> Parameters: 48(Integer)
[2m2024-06-26 16:23:55.205[0;39m [[32mDEBUG[0;39m] [35m62476[0;39m [2m[nio-8088-exec-4 ][0;39m [32mnet.mingsoft.basic.dao.IModelDao.queryModelByRoleId[0;39m:135 [2m:[0;39m <==      Total: 88
[2m2024-06-26 16:23:55.451[0;39m [[32mDEBUG[0;39m] [35m62476[0;39m [2m[nio-8088-exec-4 ][0;39m [32mnet.mingsoft.basic.util.BasicUtil[0;39m:295 [2m:[0;39m server:localhost,basePath:http://localhost:8088/
[2m2024-06-26 16:23:55.810[0;39m [[32mDEBUG[0;39m] [35m62476[0;39m [2m[nio-8088-exec-1 ][0;39m [32mnet.mingsoft.basic.util.BasicUtil[0;39m:295 [2m:[0;39m server:localhost,basePath:http://localhost:8088/
[2m2024-06-26 16:23:55.847[0;39m [[32mDEBUG[0;39m] [35m62476[0;39m [2m[io-8088-exec-10 ][0;39m [32mnet.mingsoft.basic.util.BasicUtil[0;39m:295 [2m:[0;39m server:localhost,basePath:http://localhost:8088/
[2m2024-06-26 16:23:55.847[0;39m [[32mDEBUG[0;39m] [35m62476[0;39m [2m[nio-8088-exec-5 ][0;39m [32mnet.mingsoft.basic.util.BasicUtil[0;39m:295 [2m:[0;39m server:localhost,basePath:http://localhost:8088/
[2m2024-06-26 16:23:55.937[0;39m [[32mDEBUG[0;39m] [35m62476[0;39m [2m[io-8088-exec-10 ][0;39m [32mnet.mingsoft.basic.util.BasicUtil[0;39m:295 [2m:[0;39m server:localhost,basePath:http://localhost:8088/
[2m2024-06-26 16:23:55.951[0;39m [[32mDEBUG[0;39m] [35m62476[0;39m [2m[nio-8088-exec-5 ][0;39m [32mnet.mingsoft.basic.dao.IManagerDao.selectById[0;39m:135 [2m:[0;39m ==>  Preparing: SELECT id,manager_name,MANAGER_NICKNAME,manager_password,manager_admin,role_ids,del,create_by,create_date,update_by,update_date FROM manager WHERE id=?
[2m2024-06-26 16:23:55.959[0;39m [[32mDEBUG[0;39m] [35m62476[0;39m [2m[nio-8088-exec-5 ][0;39m [32mnet.mingsoft.basic.dao.IManagerDao.selectById[0;39m:135 [2m:[0;39m ==> Parameters: 57(String)
[2m2024-06-26 16:23:55.992[0;39m [[32mDEBUG[0;39m] [35m62476[0;39m [2m[nio-8088-exec-5 ][0;39m [32mnet.mingsoft.basic.dao.IManagerDao.selectById[0;39m:135 [2m:[0;39m <==      Total: 1
[2m2024-06-26 16:23:56.013[0;39m [[32mDEBUG[0;39m] [35m62476[0;39m [2m[nio-8088-exec-6 ][0;39m [32mnet.mingsoft.basic.util.BasicUtil[0;39m:295 [2m:[0;39m server:localhost,basePath:http://localhost:8088/
[2m2024-06-26 16:23:56.083[0;39m [[32mDEBUG[0;39m] [35m62476[0;39m [2m[nio-8088-exec-6 ][0;39m [32mnet.mingsoft.basic.util.BasicUtil[0;39m:295 [2m:[0;39m server:localhost,basePath:http://localhost:8088/
[2m2024-06-26 16:23:56.106[0;39m [[32mDEBUG[0;39m] [35m62476[0;39m [2m[nio-8088-exec-1 ][0;39m [32mnet.mingsoft.basic.util.BasicUtil[0;39m:295 [2m:[0;39m server:localhost,basePath:http://localhost:8088/
[2m2024-06-26 16:23:56.108[0;39m [[32mDEBUG[0;39m] [35m62476[0;39m [2m[nio-8088-exec-1 ][0;39m [32mnet.mingsoft.basic.util.BasicUtil[0;39m:295 [2m:[0;39m server:localhost,basePath:http://localhost:8088/
[2m2024-06-26 16:23:56.199[0;39m [[32mDEBUG[0;39m] [35m62476[0;39m [2m[nio-8088-exec-8 ][0;39m [32mnet.mingsoft.basic.util.BasicUtil[0;39m:295 [2m:[0;39m server:localhost,basePath:http://localhost:8088/
[2m2024-06-26 16:23:56.198[0;39m [[32mDEBUG[0;39m] [35m62476[0;39m [2m[nio-8088-exec-3 ][0;39m [32mnet.mingsoft.basic.util.BasicUtil[0;39m:295 [2m:[0;39m server:localhost,basePath:http://localhost:8088/
[2m2024-06-26 16:23:56.219[0;39m [[32mDEBUG[0;39m] [35m62476[0;39m [2m[io-8088-exec-10 ][0;39m [32mnet.mingsoft.basic.util.BasicUtil[0;39m:295 [2m:[0;39m server:localhost,basePath:http://localhost:8088/
[2m2024-06-26 16:23:56.224[0;39m [[32mDEBUG[0;39m] [35m62476[0;39m [2m[nio-8088-exec-8 ][0;39m [32mnet.mingsoft.basic.dao.IManagerDao.selectById[0;39m:135 [2m:[0;39m ==>  Preparing: SELECT id,manager_name,MANAGER_NICKNAME,manager_password,manager_admin,role_ids,del,create_by,create_date,update_by,update_date FROM manager WHERE id=?
[2m2024-06-26 16:23:56.228[0;39m [[32mDEBUG[0;39m] [35m62476[0;39m [2m[nio-8088-exec-8 ][0;39m [32mnet.mingsoft.basic.dao.IManagerDao.selectById[0;39m:135 [2m:[0;39m ==> Parameters: 57(String)
[2m2024-06-26 16:23:56.254[0;39m [[32mDEBUG[0;39m] [35m62476[0;39m [2m[nio-8088-exec-8 ][0;39m [32mnet.mingsoft.basic.dao.IManagerDao.selectById[0;39m:135 [2m:[0;39m <==      Total: 1
[2m2024-06-26 16:23:56.304[0;39m [[32mDEBUG[0;39m] [35m62476[0;39m [2m[nio-8088-exec-3 ][0;39m [32mnet.mingsoft.basic.dao.IModelDao.selectList[0;39m:135 [2m:[0;39m ==>  Preparing: SELECT id,model_title,model_datetime,model_id,model_url,model_code,is_child,model_icon,model_sort,model_ismenu,model_parent_ids,create_by,create_date,del,update_by,update_date FROM model
[2m2024-06-26 16:23:56.308[0;39m [[32mDEBUG[0;39m] [35m62476[0;39m [2m[nio-8088-exec-3 ][0;39m [32mnet.mingsoft.basic.dao.IModelDao.selectList[0;39m:135 [2m:[0;39m ==> Parameters: 
[2m2024-06-26 16:23:56.339[0;39m [[32mDEBUG[0;39m] [35m62476[0;39m [2m[nio-8088-exec-3 ][0;39m [32mnet.mingsoft.basic.dao.IModelDao.selectList[0;39m:135 [2m:[0;39m <==      Total: 88
[2m2024-06-26 16:24:16.346[0;39m [[32mDEBUG[0;39m] [35m62476[0;39m [2m[nio-8088-exec-2 ][0;39m [32mnet.mingsoft.basic.util.BasicUtil[0;39m:295 [2m:[0;39m server:localhost,basePath:http://localhost:8088/
[2m2024-06-26 16:24:16.583[0;39m [[32mDEBUG[0;39m] [35m62476[0;39m [2m[nio-8088-exec-9 ][0;39m [32mnet.mingsoft.basic.util.BasicUtil[0;39m:295 [2m:[0;39m server:localhost,basePath:http://localhost:8088/
[2m2024-06-26 16:24:16.656[0;39m [[32mDEBUG[0;39m] [35m62476[0;39m [2m[nio-8088-exec-9 ][0;39m [32mnet.mingsoft.basic.dao.IModelDao.selectList[0;39m:135 [2m:[0;39m ==>  Preparing: SELECT id,model_title,model_datetime,model_id,model_url,model_code,is_child,model_icon,model_sort,model_ismenu,model_parent_ids,create_by,create_date,del,update_by,update_date FROM model
[2m2024-06-26 16:24:16.656[0;39m [[32mDEBUG[0;39m] [35m62476[0;39m [2m[nio-8088-exec-9 ][0;39m [32mnet.mingsoft.basic.dao.IModelDao.selectList[0;39m:135 [2m:[0;39m ==> Parameters: 
[2m2024-06-26 16:24:16.695[0;39m [[32mDEBUG[0;39m] [35m62476[0;39m [2m[nio-8088-exec-7 ][0;39m [32mnet.mingsoft.basic.util.BasicUtil[0;39m:295 [2m:[0;39m server:localhost,basePath:http://localhost:8088/
[2m2024-06-26 16:24:16.711[0;39m [[32mDEBUG[0;39m] [35m62476[0;39m [2m[nio-8088-exec-9 ][0;39m [32mnet.mingsoft.basic.dao.IModelDao.selectList[0;39m:135 [2m:[0;39m <==      Total: 88
[2m2024-06-26 16:24:16.821[0;39m [[32mDEBUG[0;39m] [35m62476[0;39m [2m[nio-8088-exec-7 ][0;39m [32mnet.mingsoft.basic.dao.IManagerDao[0;39m:60 [2m:[0;39m Cache Hit Ratio [net.mingsoft.basic.dao.IManagerDao]: 0.125
[2m2024-06-26 16:24:16.828[0;39m [[32mDEBUG[0;39m] [35m62476[0;39m [2m[nio-8088-exec-7 ][0;39m [32mnet.mingsoft.basic.dao.IManagerDao.getByEntity[0;39m:135 [2m:[0;39m ==>  Preparing: select * from manager WHERE MANAGER_NAME=? and MANAGER_NICKNAME=? and MANAGER_PASSWORD=? and MANAGER_ADMIN=? and ROLE_IDS=?
[2m2024-06-26 16:24:16.833[0;39m [[32mDEBUG[0;39m] [35m62476[0;39m [2m[nio-8088-exec-7 ][0;39m [32mnet.mingsoft.basic.dao.IManagerDao.getByEntity[0;39m:135 [2m:[0;39m ==> Parameters: msopen(String), msopen(String), 9d8622060de5f24937b60585c3f4d66b(String), super(String), 48(String)
[2m2024-06-26 16:24:16.857[0;39m [[32mDEBUG[0;39m] [35m62476[0;39m [2m[nio-8088-exec-7 ][0;39m [32mnet.mingsoft.basic.dao.IManagerDao.getByEntity[0;39m:135 [2m:[0;39m <==      Total: 1
[2m2024-06-26 16:24:16.887[0;39m [[32mDEBUG[0;39m] [35m62476[0;39m [2m[nio-8088-exec-9 ][0;39m [32mnet.mingsoft.mdiy.dao.IDictDao[0;39m:60 [2m:[0;39m Cache Hit Ratio [net.mingsoft.mdiy.dao.IDictDao]: 0.0
[2m2024-06-26 16:24:16.892[0;39m [[32mDEBUG[0;39m] [35m62476[0;39m [2m[nio-8088-exec-9 ][0;39m [32mnet.mingsoft.mdiy.dao.IDictDao.query_COUNT[0;39m:135 [2m:[0;39m ==>  Preparing: SELECT count(0) FROM mdiy_dict WHERE dict_type = ?
[2m2024-06-26 16:24:16.894[0;39m [[32mDEBUG[0;39m] [35m62476[0;39m [2m[nio-8088-exec-7 ][0;39m [32mnet.mingsoft.basic.dao.IModelDao[0;39m:60 [2m:[0;39m Cache Hit Ratio [net.mingsoft.basic.dao.IModelDao]: 0.5
[2m2024-06-26 16:24:16.894[0;39m [[32mDEBUG[0;39m] [35m62476[0;39m [2m[nio-8088-exec-9 ][0;39m [32mnet.mingsoft.mdiy.dao.IDictDao.query_COUNT[0;39m:135 [2m:[0;39m ==> Parameters: ????(String)
[2m2024-06-26 16:24:16.906[0;39m [[32mDEBUG[0;39m] [35m62476[0;39m [2m[nio-8088-exec-9 ][0;39m [32mnet.mingsoft.mdiy.dao.IDictDao.query_COUNT[0;39m:135 [2m:[0;39m <==      Total: 1
[2m2024-06-26 16:24:16.917[0;39m [[32mDEBUG[0;39m] [35m62476[0;39m [2m[nio-8088-exec-9 ][0;39m [32mnet.mingsoft.mdiy.dao.IDictDao[0;39m:60 [2m:[0;39m Cache Hit Ratio [net.mingsoft.mdiy.dao.IDictDao]: 0.0
[2m2024-06-26 16:24:16.921[0;39m [[32mDEBUG[0;39m] [35m62476[0;39m [2m[nio-8088-exec-9 ][0;39m [32mnet.mingsoft.mdiy.dao.IDictDao.query[0;39m:135 [2m:[0;39m ==>  Preparing: select * from mdiy_dict WHERE dict_type=? order by id desc LIMIT ?
[2m2024-06-26 16:24:16.927[0;39m [[32mDEBUG[0;39m] [35m62476[0;39m [2m[nio-8088-exec-9 ][0;39m [32mnet.mingsoft.mdiy.dao.IDictDao.query[0;39m:135 [2m:[0;39m ==> Parameters: ????(String), 10(Integer)
[2m2024-06-26 16:24:16.947[0;39m [[32mDEBUG[0;39m] [35m62476[0;39m [2m[nio-8088-exec-9 ][0;39m [32mnet.mingsoft.mdiy.dao.IDictDao.query[0;39m:135 [2m:[0;39m <==      Total: 4
[2m2024-06-26 16:24:16.970[0;39m [[32mDEBUG[0;39m] [35m62476[0;39m [2m[nio-8088-exec-7 ][0;39m [32mnet.mingsoft.basic.dao.IManagerDao[0;39m:60 [2m:[0;39m Cache Hit Ratio [net.mingsoft.basic.dao.IManagerDao]: 0.2222222222222222
[2m2024-06-26 16:24:16.985[0;39m [[32mDEBUG[0;39m] [35m62476[0;39m [2m[nio-8088-exec-7 ][0;39m [32mnet.mingsoft.basic.dao.IModelDao[0;39m:60 [2m:[0;39m Cache Hit Ratio [net.mingsoft.basic.dao.IModelDao]: 0.6666666666666666
[2m2024-06-26 16:24:17.009[0;39m [[32mDEBUG[0;39m] [35m62476[0;39m [2m[nio-8088-exec-7 ][0;39m [32mnet.mingsoft.basic.dao.IManagerDao[0;39m:60 [2m:[0;39m Cache Hit Ratio [net.mingsoft.basic.dao.IManagerDao]: 0.3
[2m2024-06-26 16:24:17.031[0;39m [[32mDEBUG[0;39m] [35m62476[0;39m [2m[nio-8088-exec-7 ][0;39m [32mnet.mingsoft.basic.dao.IModelDao[0;39m:60 [2m:[0;39m Cache Hit Ratio [net.mingsoft.basic.dao.IModelDao]: 0.75
[2m2024-06-26 16:24:17.052[0;39m [[32mDEBUG[0;39m] [35m62476[0;39m [2m[nio-8088-exec-7 ][0;39m [32mnet.mingsoft.basic.dao.IManagerDao[0;39m:60 [2m:[0;39m Cache Hit Ratio [net.mingsoft.basic.dao.IManagerDao]: 0.36363636363636365
[2m2024-06-26 16:24:17.067[0;39m [[32mDEBUG[0;39m] [35m62476[0;39m [2m[nio-8088-exec-7 ][0;39m [32mnet.mingsoft.basic.dao.IModelDao[0;39m:60 [2m:[0;39m Cache Hit Ratio [net.mingsoft.basic.dao.IModelDao]: 0.8
[2m2024-06-26 16:24:17.085[0;39m [[32mDEBUG[0;39m] [35m62476[0;39m [2m[nio-8088-exec-7 ][0;39m [32mnet.mingsoft.basic.dao.IManagerDao[0;39m:60 [2m:[0;39m Cache Hit Ratio [net.mingsoft.basic.dao.IManagerDao]: 0.4166666666666667
[2m2024-06-26 16:24:17.098[0;39m [[32mDEBUG[0;39m] [35m62476[0;39m [2m[nio-8088-exec-7 ][0;39m [32mnet.mingsoft.basic.dao.IModelDao[0;39m:60 [2m:[0;39m Cache Hit Ratio [net.mingsoft.basic.dao.IModelDao]: 0.8333333333333334
[2m2024-06-26 16:24:17.201[0;39m [[32mDEBUG[0;39m] [35m62476[0;39m [2m[nio-8088-exec-5 ][0;39m [32mnet.mingsoft.basic.util.BasicUtil[0;39m:295 [2m:[0;39m server:localhost,basePath:http://localhost:8088/
[2m2024-06-26 16:24:17.200[0;39m [[32mDEBUG[0;39m] [35m62476[0;39m [2m[nio-8088-exec-1 ][0;39m [32mnet.mingsoft.basic.util.BasicUtil[0;39m:295 [2m:[0;39m server:localhost,basePath:http://localhost:8088/
[2m2024-06-26 16:24:17.200[0;39m [[32mDEBUG[0;39m] [35m62476[0;39m [2m[nio-8088-exec-6 ][0;39m [32mnet.mingsoft.basic.util.BasicUtil[0;39m:295 [2m:[0;39m server:localhost,basePath:http://localhost:8088/
[2m2024-06-26 16:24:17.259[0;39m [[32mDEBUG[0;39m] [35m62476[0;39m [2m[nio-8088-exec-1 ][0;39m [32mnet.mingsoft.mdiy.dao.IDictDao[0;39m:60 [2m:[0;39m Cache Hit Ratio [net.mingsoft.mdiy.dao.IDictDao]: 0.0
[2m2024-06-26 16:24:17.268[0;39m [[32mDEBUG[0;39m] [35m62476[0;39m [2m[nio-8088-exec-1 ][0;39m [32mnet.mingsoft.mdiy.dao.IDictDao.query_COUNT[0;39m:135 [2m:[0;39m ==>  Preparing: SELECT count(0) FROM mdiy_dict WHERE dict_type = ? AND dict_enable = ?
[2m2024-06-26 16:24:17.276[0;39m [[32mDEBUG[0;39m] [35m62476[0;39m [2m[nio-8088-exec-1 ][0;39m [32mnet.mingsoft.mdiy.dao.IDictDao.query_COUNT[0;39m:135 [2m:[0;39m ==> Parameters: ????(String), true(Boolean)
[2m2024-06-26 16:24:17.284[0;39m [[32mDEBUG[0;39m] [35m62476[0;39m [2m[nio-8088-exec-1 ][0;39m [32mnet.mingsoft.mdiy.dao.IDictDao.query_COUNT[0;39m:135 [2m:[0;39m <==      Total: 1
[2m2024-06-26 16:24:17.286[0;39m [[32mDEBUG[0;39m] [35m62476[0;39m [2m[nio-8088-exec-1 ][0;39m [32mnet.mingsoft.mdiy.dao.IDictDao[0;39m:60 [2m:[0;39m Cache Hit Ratio [net.mingsoft.mdiy.dao.IDictDao]: 0.0
[2m2024-06-26 16:24:17.286[0;39m [[32mDEBUG[0;39m] [35m62476[0;39m [2m[nio-8088-exec-1 ][0;39m [32mnet.mingsoft.mdiy.dao.IDictDao.query[0;39m:135 [2m:[0;39m ==>  Preparing: select * from mdiy_dict WHERE dict_type=? and dict_enable=? order by id desc LIMIT ?
[2m2024-06-26 16:24:17.288[0;39m [[32mDEBUG[0;39m] [35m62476[0;39m [2m[nio-8088-exec-1 ][0;39m [32mnet.mingsoft.mdiy.dao.IDictDao.query[0;39m:135 [2m:[0;39m ==> Parameters: ????(String), true(Boolean), 99999(Integer)
[2m2024-06-26 16:24:17.309[0;39m [[32mDEBUG[0;39m] [35m62476[0;39m [2m[nio-8088-exec-1 ][0;39m [32mnet.mingsoft.mdiy.dao.IDictDao.query[0;39m:135 [2m:[0;39m <==      Total: 4
[2m2024-06-26 16:24:17.402[0;39m [[32mDEBUG[0;39m] [35m62476[0;39m [2m[nio-8088-exec-5 ][0;39m [32mnet.mingsoft.cms.dao.ICategoryDao.selectList[0;39m:135 [2m:[0;39m ==>  Preparing: SELECT id,category_title,category_short_title,category_pinyin,category_id,category_type,category_sort,category_list_url,category_url,category_keyword,category_descrip,category_img,category_ico,category_display,category_is_search,category_diy_url,mdiy_model_id,mdiy_category_model_id,dict_id,category_flag,category_path,category_parent_ids,leaf,top_id,create_by,create_date,del,update_by,update_date FROM cms_category WHERE del=?
[2m2024-06-26 16:24:17.402[0;39m [[32mDEBUG[0;39m] [35m62476[0;39m [2m[nio-8088-exec-6 ][0;39m [32mnet.mingsoft.cms.dao.ICategoryDao.selectList[0;39m:135 [2m:[0;39m ==>  Preparing: SELECT id,category_title,category_short_title,category_pinyin,category_id,category_type,category_sort,category_list_url,category_url,category_keyword,category_descrip,category_img,category_ico,category_display,category_is_search,category_diy_url,mdiy_model_id,mdiy_category_model_id,dict_id,category_flag,category_path,category_parent_ids,leaf,top_id,create_by,create_date,del,update_by,update_date FROM cms_category WHERE del=?
[2m2024-06-26 16:24:17.405[0;39m [[32mDEBUG[0;39m] [35m62476[0;39m [2m[nio-8088-exec-6 ][0;39m [32mnet.mingsoft.cms.dao.ICategoryDao.selectList[0;39m:135 [2m:[0;39m ==> Parameters: 0(Integer)
[2m2024-06-26 16:24:17.405[0;39m [[32mDEBUG[0;39m] [35m62476[0;39m [2m[nio-8088-exec-5 ][0;39m [32mnet.mingsoft.cms.dao.ICategoryDao.selectList[0;39m:135 [2m:[0;39m ==> Parameters: 0(Integer)
[2m2024-06-26 16:24:17.461[0;39m [[32mDEBUG[0;39m] [35m62476[0;39m [2m[nio-8088-exec-6 ][0;39m [32mnet.mingsoft.cms.dao.ICategoryDao.selectList[0;39m:135 [2m:[0;39m <==      Total: 18
[2m2024-06-26 16:24:17.463[0;39m [[32mDEBUG[0;39m] [35m62476[0;39m [2m[nio-8088-exec-5 ][0;39m [32mnet.mingsoft.cms.dao.ICategoryDao.selectList[0;39m:135 [2m:[0;39m <==      Total: 18
[2m2024-06-26 16:24:17.491[0;39m [[32mDEBUG[0;39m] [35m62476[0;39m [2m[nio-8088-exec-5 ][0;39m [32mnet.mingsoft.basic.util.BasicUtil[0;39m:295 [2m:[0;39m server:localhost,basePath:http://localhost:8088/
[2m2024-06-26 16:24:17.491[0;39m [[32mDEBUG[0;39m] [35m62476[0;39m [2m[nio-8088-exec-6 ][0;39m [32mnet.mingsoft.basic.util.BasicUtil[0;39m:295 [2m:[0;39m server:localhost,basePath:http://localhost:8088/
[2m2024-06-26 16:24:17.495[0;39m [[32mDEBUG[0;39m] [35m62476[0;39m [2m[nio-8088-exec-5 ][0;39m [32mnet.mingsoft.basic.util.BasicUtil[0;39m:295 [2m:[0;39m server:localhost,basePath:http://localhost:8088/
[2m2024-06-26 16:24:17.495[0;39m [[32mDEBUG[0;39m] [35m62476[0;39m [2m[nio-8088-exec-6 ][0;39m [32mnet.mingsoft.basic.util.BasicUtil[0;39m:295 [2m:[0;39m server:localhost,basePath:http://localhost:8088/
[2m2024-06-26 16:24:17.503[0;39m [[32mDEBUG[0;39m] [35m62476[0;39m [2m[nio-8088-exec-6 ][0;39m [32mnet.mingsoft.basic.util.BasicUtil[0;39m:295 [2m:[0;39m server:localhost,basePath:http://localhost:8088/
[2m2024-06-26 16:24:17.503[0;39m [[32mDEBUG[0;39m] [35m62476[0;39m [2m[nio-8088-exec-5 ][0;39m [32mnet.mingsoft.basic.util.BasicUtil[0;39m:295 [2m:[0;39m server:localhost,basePath:http://localhost:8088/
[2m2024-06-26 16:24:17.504[0;39m [[32mDEBUG[0;39m] [35m62476[0;39m [2m[nio-8088-exec-6 ][0;39m [32mnet.mingsoft.basic.util.BasicUtil[0;39m:295 [2m:[0;39m server:localhost,basePath:http://localhost:8088/
[2m2024-06-26 16:24:17.504[0;39m [[32mDEBUG[0;39m] [35m62476[0;39m [2m[nio-8088-exec-5 ][0;39m [32mnet.mingsoft.basic.util.BasicUtil[0;39m:295 [2m:[0;39m server:localhost,basePath:http://localhost:8088/
[2m2024-06-26 16:24:17.505[0;39m [[32mDEBUG[0;39m] [35m62476[0;39m [2m[nio-8088-exec-6 ][0;39m [32mnet.mingsoft.basic.util.BasicUtil[0;39m:295 [2m:[0;39m server:localhost,basePath:http://localhost:8088/
[2m2024-06-26 16:24:17.505[0;39m [[32mDEBUG[0;39m] [35m62476[0;39m [2m[nio-8088-exec-5 ][0;39m [32mnet.mingsoft.basic.util.BasicUtil[0;39m:295 [2m:[0;39m server:localhost,basePath:http://localhost:8088/
[2m2024-06-26 16:24:17.506[0;39m [[32mDEBUG[0;39m] [35m62476[0;39m [2m[nio-8088-exec-5 ][0;39m [32mnet.mingsoft.basic.util.BasicUtil[0;39m:295 [2m:[0;39m server:localhost,basePath:http://localhost:8088/
[2m2024-06-26 16:24:17.507[0;39m [[32mDEBUG[0;39m] [35m62476[0;39m [2m[nio-8088-exec-6 ][0;39m [32mnet.mingsoft.basic.util.BasicUtil[0;39m:295 [2m:[0;39m server:localhost,basePath:http://localhost:8088/
[2m2024-06-26 16:24:17.512[0;39m [[32mDEBUG[0;39m] [35m62476[0;39m [2m[nio-8088-exec-5 ][0;39m [32mnet.mingsoft.basic.util.BasicUtil[0;39m:295 [2m:[0;39m server:localhost,basePath:http://localhost:8088/
[2m2024-06-26 16:24:17.514[0;39m [[32mDEBUG[0;39m] [35m62476[0;39m [2m[nio-8088-exec-5 ][0;39m [32mnet.mingsoft.basic.util.BasicUtil[0;39m:295 [2m:[0;39m server:localhost,basePath:http://localhost:8088/
[2m2024-06-26 16:24:17.514[0;39m [[32mDEBUG[0;39m] [35m62476[0;39m [2m[nio-8088-exec-6 ][0;39m [32mnet.mingsoft.basic.util.BasicUtil[0;39m:295 [2m:[0;39m server:localhost,basePath:http://localhost:8088/
[2m2024-06-26 16:24:17.518[0;39m [[32mDEBUG[0;39m] [35m62476[0;39m [2m[nio-8088-exec-6 ][0;39m [32mnet.mingsoft.basic.util.BasicUtil[0;39m:295 [2m:[0;39m server:localhost,basePath:http://localhost:8088/
[2m2024-06-26 16:24:17.518[0;39m [[32mDEBUG[0;39m] [35m62476[0;39m [2m[nio-8088-exec-5 ][0;39m [32mnet.mingsoft.basic.util.BasicUtil[0;39m:295 [2m:[0;39m server:localhost,basePath:http://localhost:8088/
[2m2024-06-26 16:24:17.520[0;39m [[32mDEBUG[0;39m] [35m62476[0;39m [2m[nio-8088-exec-6 ][0;39m [32mnet.mingsoft.basic.util.BasicUtil[0;39m:295 [2m:[0;39m server:localhost,basePath:http://localhost:8088/
[2m2024-06-26 16:24:17.520[0;39m [[32mDEBUG[0;39m] [35m62476[0;39m [2m[nio-8088-exec-5 ][0;39m [32mnet.mingsoft.basic.util.BasicUtil[0;39m:295 [2m:[0;39m server:localhost,basePath:http://localhost:8088/
[2m2024-06-26 16:24:17.521[0;39m [[32mDEBUG[0;39m] [35m62476[0;39m [2m[nio-8088-exec-5 ][0;39m [32mnet.mingsoft.basic.util.BasicUtil[0;39m:295 [2m:[0;39m server:localhost,basePath:http://localhost:8088/
[2m2024-06-26 16:24:17.521[0;39m [[32mDEBUG[0;39m] [35m62476[0;39m [2m[nio-8088-exec-6 ][0;39m [32mnet.mingsoft.basic.util.BasicUtil[0;39m:295 [2m:[0;39m server:localhost,basePath:http://localhost:8088/
[2m2024-06-26 16:24:17.523[0;39m [[32mDEBUG[0;39m] [35m62476[0;39m [2m[nio-8088-exec-6 ][0;39m [32mnet.mingsoft.basic.util.BasicUtil[0;39m:295 [2m:[0;39m server:localhost,basePath:http://localhost:8088/
[2m2024-06-26 16:24:17.524[0;39m [[32mDEBUG[0;39m] [35m62476[0;39m [2m[nio-8088-exec-5 ][0;39m [32mnet.mingsoft.basic.util.BasicUtil[0;39m:295 [2m:[0;39m server:localhost,basePath:http://localhost:8088/
[2m2024-06-26 16:24:17.526[0;39m [[32mDEBUG[0;39m] [35m62476[0;39m [2m[nio-8088-exec-5 ][0;39m [32mnet.mingsoft.basic.util.BasicUtil[0;39m:295 [2m:[0;39m server:localhost,basePath:http://localhost:8088/
[2m2024-06-26 16:24:17.526[0;39m [[32mDEBUG[0;39m] [35m62476[0;39m [2m[nio-8088-exec-6 ][0;39m [32mnet.mingsoft.basic.util.BasicUtil[0;39m:295 [2m:[0;39m server:localhost,basePath:http://localhost:8088/
[2m2024-06-26 16:24:17.528[0;39m [[32mDEBUG[0;39m] [35m62476[0;39m [2m[nio-8088-exec-5 ][0;39m [32mnet.mingsoft.basic.util.BasicUtil[0;39m:295 [2m:[0;39m server:localhost,basePath:http://localhost:8088/
[2m2024-06-26 16:24:17.528[0;39m [[32mDEBUG[0;39m] [35m62476[0;39m [2m[nio-8088-exec-6 ][0;39m [32mnet.mingsoft.basic.util.BasicUtil[0;39m:295 [2m:[0;39m server:localhost,basePath:http://localhost:8088/
[2m2024-06-26 16:24:17.532[0;39m [[32mDEBUG[0;39m] [35m62476[0;39m [2m[nio-8088-exec-6 ][0;39m [32mnet.mingsoft.basic.util.BasicUtil[0;39m:295 [2m:[0;39m server:localhost,basePath:http://localhost:8088/
[2m2024-06-26 16:24:17.532[0;39m [[32mDEBUG[0;39m] [35m62476[0;39m [2m[nio-8088-exec-5 ][0;39m [32mnet.mingsoft.basic.util.BasicUtil[0;39m:295 [2m:[0;39m server:localhost,basePath:http://localhost:8088/
[2m2024-06-26 16:24:17.537[0;39m [[32mDEBUG[0;39m] [35m62476[0;39m [2m[nio-8088-exec-5 ][0;39m [32mnet.mingsoft.basic.util.BasicUtil[0;39m:295 [2m:[0;39m server:localhost,basePath:http://localhost:8088/
[2m2024-06-26 16:24:17.537[0;39m [[32mDEBUG[0;39m] [35m62476[0;39m [2m[nio-8088-exec-6 ][0;39m [32mnet.mingsoft.basic.util.BasicUtil[0;39m:295 [2m:[0;39m server:localhost,basePath:http://localhost:8088/
[2m2024-06-26 16:24:17.538[0;39m [[32mDEBUG[0;39m] [35m62476[0;39m [2m[nio-8088-exec-6 ][0;39m [32mnet.mingsoft.basic.util.BasicUtil[0;39m:295 [2m:[0;39m server:localhost,basePath:http://localhost:8088/
[2m2024-06-26 16:24:17.538[0;39m [[32mDEBUG[0;39m] [35m62476[0;39m [2m[nio-8088-exec-5 ][0;39m [32mnet.mingsoft.basic.util.BasicUtil[0;39m:295 [2m:[0;39m server:localhost,basePath:http://localhost:8088/
[2m2024-06-26 16:24:17.541[0;39m [[32mDEBUG[0;39m] [35m62476[0;39m [2m[nio-8088-exec-6 ][0;39m [32mnet.mingsoft.basic.util.BasicUtil[0;39m:295 [2m:[0;39m server:localhost,basePath:http://localhost:8088/
[2m2024-06-26 16:24:17.541[0;39m [[32mDEBUG[0;39m] [35m62476[0;39m [2m[nio-8088-exec-5 ][0;39m [32mnet.mingsoft.basic.util.BasicUtil[0;39m:295 [2m:[0;39m server:localhost,basePath:http://localhost:8088/
[2m2024-06-26 16:24:17.541[0;39m [[32mDEBUG[0;39m] [35m62476[0;39m [2m[nio-8088-exec-6 ][0;39m [32mnet.mingsoft.basic.util.BasicUtil[0;39m:295 [2m:[0;39m server:localhost,basePath:http://localhost:8088/
[2m2024-06-26 16:24:17.565[0;39m [[32mDEBUG[0;39m] [35m62476[0;39m [2m[nio-8088-exec-8 ][0;39m [32mnet.mingsoft.basic.util.BasicUtil[0;39m:295 [2m:[0;39m server:localhost,basePath:http://localhost:8088/
[2m2024-06-26 16:24:17.606[0;39m [[32mDEBUG[0;39m] [35m62476[0;39m [2m[nio-8088-exec-8 ][0;39m [32mnet.mingsoft.basic.dao.IManagerDao[0;39m:60 [2m:[0;39m Cache Hit Ratio [net.mingsoft.basic.dao.IManagerDao]: 0.46153846153846156
[2m2024-06-26 16:24:17.623[0;39m [[32mDEBUG[0;39m] [35m62476[0;39m [2m[nio-8088-exec-8 ][0;39m [32mnet.mingsoft.basic.dao.IModelDao[0;39m:60 [2m:[0;39m Cache Hit Ratio [net.mingsoft.basic.dao.IModelDao]: 0.8571428571428571
[2m2024-06-26 16:24:17.640[0;39m [[32mDEBUG[0;39m] [35m62476[0;39m [2m[nio-8088-exec-8 ][0;39m [32mnet.mingsoft.basic.dao.IManagerDao[0;39m:60 [2m:[0;39m Cache Hit Ratio [net.mingsoft.basic.dao.IManagerDao]: 0.5
[2m2024-06-26 16:24:17.651[0;39m [[32mDEBUG[0;39m] [35m62476[0;39m [2m[nio-8088-exec-8 ][0;39m [32mnet.mingsoft.basic.dao.IModelDao[0;39m:60 [2m:[0;39m Cache Hit Ratio [net.mingsoft.basic.dao.IModelDao]: 0.875
[2m2024-06-26 16:24:17.664[0;39m [[32mDEBUG[0;39m] [35m62476[0;39m [2m[nio-8088-exec-8 ][0;39m [32mnet.mingsoft.basic.dao.IManagerDao[0;39m:60 [2m:[0;39m Cache Hit Ratio [net.mingsoft.basic.dao.IManagerDao]: 0.5333333333333333
[2m2024-06-26 16:24:17.673[0;39m [[32mDEBUG[0;39m] [35m62476[0;39m [2m[nio-8088-exec-8 ][0;39m [32mnet.mingsoft.basic.dao.IModelDao[0;39m:60 [2m:[0;39m Cache Hit Ratio [net.mingsoft.basic.dao.IModelDao]: 0.8888888888888888
[2m2024-06-26 16:24:17.692[0;39m [[32mDEBUG[0;39m] [35m62476[0;39m [2m[nio-8088-exec-8 ][0;39m [32mnet.mingsoft.basic.dao.IManagerDao[0;39m:60 [2m:[0;39m Cache Hit Ratio [net.mingsoft.basic.dao.IManagerDao]: 0.5625
[2m2024-06-26 16:24:17.703[0;39m [[32mDEBUG[0;39m] [35m62476[0;39m [2m[nio-8088-exec-8 ][0;39m [32mnet.mingsoft.basic.dao.IModelDao[0;39m:60 [2m:[0;39m Cache Hit Ratio [net.mingsoft.basic.dao.IModelDao]: 0.9
[2m2024-06-26 16:24:17.718[0;39m [[32mDEBUG[0;39m] [35m62476[0;39m [2m[nio-8088-exec-8 ][0;39m [32mnet.mingsoft.basic.dao.IManagerDao[0;39m:60 [2m:[0;39m Cache Hit Ratio [net.mingsoft.basic.dao.IManagerDao]: 0.5882352941176471
[2m2024-06-26 16:24:17.727[0;39m [[32mDEBUG[0;39m] [35m62476[0;39m [2m[nio-8088-exec-8 ][0;39m [32mnet.mingsoft.basic.dao.IModelDao[0;39m:60 [2m:[0;39m Cache Hit Ratio [net.mingsoft.basic.dao.IModelDao]: 0.9090909090909091
[2m2024-06-26 16:24:17.743[0;39m [[32mDEBUG[0;39m] [35m62476[0;39m [2m[nio-8088-exec-8 ][0;39m [32mnet.mingsoft.basic.dao.IManagerDao[0;39m:60 [2m:[0;39m Cache Hit Ratio [net.mingsoft.basic.dao.IManagerDao]: 0.6111111111111112
[2m2024-06-26 16:24:17.751[0;39m [[32mDEBUG[0;39m] [35m62476[0;39m [2m[nio-8088-exec-8 ][0;39m [32mnet.mingsoft.basic.dao.IModelDao[0;39m:60 [2m:[0;39m Cache Hit Ratio [net.mingsoft.basic.dao.IModelDao]: 0.9166666666666666
[2m2024-06-26 16:24:17.812[0;39m [[32mDEBUG[0;39m] [35m62476[0;39m [2m[nio-8088-exec-8 ][0;39m [32mnet.mingsoft.cms.dao.IContentDao.queryContent_COUNT[0;39m:135 [2m:[0;39m ==>  Preparing: SELECT count(0) FROM (SELECT ct.*, cc.category_path FROM cms_content ct JOIN cms_category cc ON ct.category_id = cc.id WHERE ct.del = 0) ct
[2m2024-06-26 16:24:17.826[0;39m [[32mDEBUG[0;39m] [35m62476[0;39m [2m[nio-8088-exec-8 ][0;39m [32mnet.mingsoft.cms.dao.IContentDao.queryContent_COUNT[0;39m:135 [2m:[0;39m ==> Parameters: 
[2m2024-06-26 16:24:17.831[0;39m [[32mDEBUG[0;39m] [35m62476[0;39m [2m[nio-8088-exec-8 ][0;39m [32mnet.mingsoft.cms.dao.IContentDao.queryContent_COUNT[0;39m:135 [2m:[0;39m <==      Total: 1
[2m2024-06-26 16:24:17.836[0;39m [[32mDEBUG[0;39m] [35m62476[0;39m [2m[nio-8088-exec-8 ][0;39m [32mnet.mingsoft.basic.util.BasicUtil[0;39m:295 [2m:[0;39m server:localhost,basePath:http://localhost:8088/
[2m2024-06-26 16:24:17.837[0;39m [[32mDEBUG[0;39m] [35m62476[0;39m [2m[nio-8088-exec-8 ][0;39m [32mnet.mingsoft.cms.dao.IContentDao.queryContent[0;39m:135 [2m:[0;39m ==>  Preparing: select ct.* from ( select ct.*,cc.category_path from cms_content ct join cms_category cc on ct.category_id=cc.id WHERE ct.del=0 )ct ORDER BY ct.content_datetime desc,content_sort desc LIMIT ?
[2m2024-06-26 16:24:17.841[0;39m [[32mDEBUG[0;39m] [35m62476[0;39m [2m[nio-8088-exec-8 ][0;39m [32mnet.mingsoft.cms.dao.IContentDao.queryContent[0;39m:135 [2m:[0;39m ==> Parameters: 10(Integer)
[2m2024-06-26 16:24:17.864[0;39m [[32mDEBUG[0;39m] [35m62476[0;39m [2m[nio-8088-exec-8 ][0;39m [32mnet.mingsoft.cms.dao.IContentDao.queryContent[0;39m:135 [2m:[0;39m <==      Total: 10
[2m2024-06-26 16:24:17.883[0;39m [[32mDEBUG[0;39m] [35m62476[0;39m [2m[nio-8088-exec-8 ][0;39m [32mnet.mingsoft.basic.util.BasicUtil[0;39m:295 [2m:[0;39m server:localhost,basePath:http://localhost:8088/
[2m2024-06-26 16:24:17.884[0;39m [[32mDEBUG[0;39m] [35m62476[0;39m [2m[nio-8088-exec-8 ][0;39m [32mnet.mingsoft.basic.util.BasicUtil[0;39m:295 [2m:[0;39m server:localhost,basePath:http://localhost:8088/
[2m2024-06-26 16:24:17.884[0;39m [[32mDEBUG[0;39m] [35m62476[0;39m [2m[nio-8088-exec-8 ][0;39m [32mnet.mingsoft.basic.util.BasicUtil[0;39m:295 [2m:[0;39m server:localhost,basePath:http://localhost:8088/
[2m2024-06-26 16:24:17.885[0;39m [[32mDEBUG[0;39m] [35m62476[0;39m [2m[nio-8088-exec-8 ][0;39m [32mnet.mingsoft.basic.util.BasicUtil[0;39m:295 [2m:[0;39m server:localhost,basePath:http://localhost:8088/
[2m2024-06-26 16:24:17.885[0;39m [[32mDEBUG[0;39m] [35m62476[0;39m [2m[nio-8088-exec-8 ][0;39m [32mnet.mingsoft.basic.util.BasicUtil[0;39m:295 [2m:[0;39m server:localhost,basePath:http://localhost:8088/
[2m2024-06-26 16:24:17.885[0;39m [[32mDEBUG[0;39m] [35m62476[0;39m [2m[nio-8088-exec-8 ][0;39m [32mnet.mingsoft.basic.util.BasicUtil[0;39m:295 [2m:[0;39m server:localhost,basePath:http://localhost:8088/
[2m2024-06-26 16:24:17.886[0;39m [[32mDEBUG[0;39m] [35m62476[0;39m [2m[nio-8088-exec-8 ][0;39m [32mnet.mingsoft.basic.util.BasicUtil[0;39m:295 [2m:[0;39m server:localhost,basePath:http://localhost:8088/
[2m2024-06-26 16:24:17.886[0;39m [[32mDEBUG[0;39m] [35m62476[0;39m [2m[nio-8088-exec-8 ][0;39m [32mnet.mingsoft.basic.util.BasicUtil[0;39m:295 [2m:[0;39m server:localhost,basePath:http://localhost:8088/
[2m2024-06-26 16:24:17.887[0;39m [[32mDEBUG[0;39m] [35m62476[0;39m [2m[nio-8088-exec-8 ][0;39m [32mnet.mingsoft.basic.util.BasicUtil[0;39m:295 [2m:[0;39m server:localhost,basePath:http://localhost:8088/
[2m2024-06-26 16:24:17.888[0;39m [[32mDEBUG[0;39m] [35m62476[0;39m [2m[nio-8088-exec-8 ][0;39m [32mnet.mingsoft.basic.util.BasicUtil[0;39m:295 [2m:[0;39m server:localhost,basePath:http://localhost:8088/
[2m2024-06-26 16:24:18.384[0;39m [[32mDEBUG[0;39m] [35m62476[0;39m [2m[io-8088-exec-10 ][0;39m [32mnet.mingsoft.basic.util.BasicUtil[0;39m:295 [2m:[0;39m server:localhost,basePath:http://localhost:8088/
[2m2024-06-26 16:24:18.396[0;39m [[32mDEBUG[0;39m] [35m62476[0;39m [2m[io-8088-exec-10 ][0;39m [32mnet.mingsoft.basic.dao.IManagerDao[0;39m:60 [2m:[0;39m Cache Hit Ratio [net.mingsoft.basic.dao.IManagerDao]: 0.631578947368421
[2m2024-06-26 16:24:18.406[0;39m [[32mDEBUG[0;39m] [35m62476[0;39m [2m[io-8088-exec-10 ][0;39m [32mnet.mingsoft.basic.dao.IModelDao[0;39m:60 [2m:[0;39m Cache Hit Ratio [net.mingsoft.basic.dao.IModelDao]: 0.9230769230769231
[2m2024-06-26 16:24:18.418[0;39m [[32mDEBUG[0;39m] [35m62476[0;39m [2m[io-8088-exec-10 ][0;39m [32mnet.mingsoft.basic.dao.IManagerDao[0;39m:60 [2m:[0;39m Cache Hit Ratio [net.mingsoft.basic.dao.IManagerDao]: 0.65
[2m2024-06-26 16:24:18.427[0;39m [[32mDEBUG[0;39m] [35m62476[0;39m [2m[io-8088-exec-10 ][0;39m [32mnet.mingsoft.basic.dao.IModelDao[0;39m:60 [2m:[0;39m Cache Hit Ratio [net.mingsoft.basic.dao.IModelDao]: 0.9285714285714286
[2m2024-06-26 16:24:18.439[0;39m [[32mDEBUG[0;39m] [35m62476[0;39m [2m[io-8088-exec-10 ][0;39m [32mnet.mingsoft.basic.dao.IManagerDao[0;39m:60 [2m:[0;39m Cache Hit Ratio [net.mingsoft.basic.dao.IManagerDao]: 0.6666666666666666
[2m2024-06-26 16:24:18.447[0;39m [[32mDEBUG[0;39m] [35m62476[0;39m [2m[io-8088-exec-10 ][0;39m [32mnet.mingsoft.basic.dao.IModelDao[0;39m:60 [2m:[0;39m Cache Hit Ratio [net.mingsoft.basic.dao.IModelDao]: 0.9333333333333333
[2m2024-06-26 16:24:18.459[0;39m [[32mDEBUG[0;39m] [35m62476[0;39m [2m[io-8088-exec-10 ][0;39m [32mnet.mingsoft.basic.dao.IManagerDao[0;39m:60 [2m:[0;39m Cache Hit Ratio [net.mingsoft.basic.dao.IManagerDao]: 0.6818181818181818
[2m2024-06-26 16:24:18.466[0;39m [[32mDEBUG[0;39m] [35m62476[0;39m [2m[io-8088-exec-10 ][0;39m [32mnet.mingsoft.basic.dao.IModelDao[0;39m:60 [2m:[0;39m Cache Hit Ratio [net.mingsoft.basic.dao.IModelDao]: 0.9375
[2m2024-06-26 16:24:18.479[0;39m [[32mDEBUG[0;39m] [35m62476[0;39m [2m[io-8088-exec-10 ][0;39m [32mnet.mingsoft.basic.dao.IManagerDao[0;39m:60 [2m:[0;39m Cache Hit Ratio [net.mingsoft.basic.dao.IManagerDao]: 0.6956521739130435
[2m2024-06-26 16:24:18.487[0;39m [[32mDEBUG[0;39m] [35m62476[0;39m [2m[io-8088-exec-10 ][0;39m [32mnet.mingsoft.basic.dao.IModelDao[0;39m:60 [2m:[0;39m Cache Hit Ratio [net.mingsoft.basic.dao.IModelDao]: 0.9411764705882353
[2m2024-06-26 16:24:18.499[0;39m [[32mDEBUG[0;39m] [35m62476[0;39m [2m[io-8088-exec-10 ][0;39m [32mnet.mingsoft.basic.dao.IManagerDao[0;39m:60 [2m:[0;39m Cache Hit Ratio [net.mingsoft.basic.dao.IManagerDao]: 0.7083333333333334
[2m2024-06-26 16:24:18.507[0;39m [[32mDEBUG[0;39m] [35m62476[0;39m [2m[io-8088-exec-10 ][0;39m [32mnet.mingsoft.basic.dao.IModelDao[0;39m:60 [2m:[0;39m Cache Hit Ratio [net.mingsoft.basic.dao.IModelDao]: 0.9444444444444444
[2m2024-06-26 16:24:18.568[0;39m [[32mDEBUG[0;39m] [35m62476[0;39m [2m[io-8088-exec-10 ][0;39m [32mnet.mingsoft.cms.dao.IContentDao.queryContent_COUNT[0;39m:135 [2m:[0;39m ==>  Preparing: SELECT count(0) FROM (SELECT ct.*, cc.category_path FROM cms_content ct JOIN cms_category cc ON ct.category_id = cc.id WHERE ct.del = 0 AND (ct.category_id = ? OR ct.category_id IN (SELECT id FROM cms_category WHERE find_in_set(?, CATEGORY_PARENT_IDS) > 0 AND cms_category.category_type != 2))) ct
[2m2024-06-26 16:24:18.575[0;39m [[32mDEBUG[0;39m] [35m62476[0;39m [2m[io-8088-exec-10 ][0;39m [32mnet.mingsoft.cms.dao.IContentDao.queryContent_COUNT[0;39m:135 [2m:[0;39m ==> Parameters: 1666653706550321157(String), 1666653706550321157(String)
[2m2024-06-26 16:24:18.581[0;39m [[32mDEBUG[0;39m] [35m62476[0;39m [2m[io-8088-exec-10 ][0;39m [32mnet.mingsoft.cms.dao.IContentDao.queryContent_COUNT[0;39m:135 [2m:[0;39m <==      Total: 1
[2m2024-06-26 16:24:18.583[0;39m [[32mDEBUG[0;39m] [35m62476[0;39m [2m[io-8088-exec-10 ][0;39m [32mnet.mingsoft.basic.util.BasicUtil[0;39m:295 [2m:[0;39m server:localhost,basePath:http://localhost:8088/
[2m2024-06-26 16:24:18.584[0;39m [[32mDEBUG[0;39m] [35m62476[0;39m [2m[io-8088-exec-10 ][0;39m [32mnet.mingsoft.cms.dao.IContentDao.queryContent[0;39m:135 [2m:[0;39m ==>  Preparing: select ct.* from ( select ct.*,cc.category_path from cms_content ct join cms_category cc on ct.category_id=cc.id WHERE ct.del=0 and (ct.category_id=? or ct.category_id in (select id FROM cms_category where find_in_set(?,CATEGORY_PARENT_IDS)>0 and cms_category.category_type != 2)) )ct ORDER BY ct.content_datetime desc,content_sort desc LIMIT ?
[2m2024-06-26 16:24:18.587[0;39m [[32mDEBUG[0;39m] [35m62476[0;39m [2m[io-8088-exec-10 ][0;39m [32mnet.mingsoft.cms.dao.IContentDao.queryContent[0;39m:135 [2m:[0;39m ==> Parameters: 1666653706550321157(String), 1666653706550321157(String), 10(Integer)
[2m2024-06-26 16:24:18.596[0;39m [[32mDEBUG[0;39m] [35m62476[0;39m [2m[io-8088-exec-10 ][0;39m [32mnet.mingsoft.cms.dao.IContentDao.queryContent[0;39m:135 [2m:[0;39m <==      Total: 2
[2m2024-06-26 16:24:18.606[0;39m [[32mDEBUG[0;39m] [35m62476[0;39m [2m[io-8088-exec-10 ][0;39m [32mnet.mingsoft.basic.util.BasicUtil[0;39m:295 [2m:[0;39m server:localhost,basePath:http://localhost:8088/
[2m2024-06-26 16:24:18.610[0;39m [[32mDEBUG[0;39m] [35m62476[0;39m [2m[io-8088-exec-10 ][0;39m [32mnet.mingsoft.basic.util.BasicUtil[0;39m:295 [2m:[0;39m server:localhost,basePath:http://localhost:8088/
[2m2024-06-26 16:24:19.346[0;39m [[32mDEBUG[0;39m] [35m62476[0;39m [2m[nio-8088-exec-2 ][0;39m [32mnet.mingsoft.basic.util.BasicUtil[0;39m:295 [2m:[0;39m server:localhost,basePath:http://localhost:8088/
[2m2024-06-26 16:24:19.346[0;39m [[32mDEBUG[0;39m] [35m62476[0;39m [2m[nio-8088-exec-3 ][0;39m [32mnet.mingsoft.basic.util.BasicUtil[0;39m:295 [2m:[0;39m server:localhost,basePath:http://localhost:8088/
[2m2024-06-26 16:24:19.348[0;39m [[32mDEBUG[0;39m] [35m62476[0;39m [2m[nio-8088-exec-4 ][0;39m [32mnet.mingsoft.basic.util.BasicUtil[0;39m:295 [2m:[0;39m server:localhost,basePath:http://localhost:8088/
[2m2024-06-26 16:24:19.366[0;39m [[32mDEBUG[0;39m] [35m62476[0;39m [2m[nio-8088-exec-4 ][0;39m [32mnet.mingsoft.mdiy.dao.IDictDao[0;39m:60 [2m:[0;39m Cache Hit Ratio [net.mingsoft.mdiy.dao.IDictDao]: 0.2
[2m2024-06-26 16:24:19.369[0;39m [[32mDEBUG[0;39m] [35m62476[0;39m [2m[nio-8088-exec-2 ][0;39m [32mnet.mingsoft.mdiy.dao.IDictDao[0;39m:60 [2m:[0;39m Cache Hit Ratio [net.mingsoft.mdiy.dao.IDictDao]: 0.16666666666666666
[2m2024-06-26 16:24:19.370[0;39m [[32mDEBUG[0;39m] [35m62476[0;39m [2m[nio-8088-exec-4 ][0;39m [32mnet.mingsoft.mdiy.dao.IDictDao[0;39m:60 [2m:[0;39m Cache Hit Ratio [net.mingsoft.mdiy.dao.IDictDao]: 0.2857142857142857
[2m2024-06-26 16:24:19.373[0;39m [[32mDEBUG[0;39m] [35m62476[0;39m [2m[nio-8088-exec-3 ][0;39m [32mnet.mingsoft.cms.dao.ICategoryDao.selectList[0;39m:135 [2m:[0;39m ==>  Preparing: SELECT id,category_title,category_short_title,category_pinyin,category_id,category_type,category_sort,category_list_url,category_url,category_keyword,category_descrip,category_img,category_ico,category_display,category_is_search,category_diy_url,mdiy_model_id,mdiy_category_model_id,dict_id,category_flag,category_path,category_parent_ids,leaf,top_id,create_by,create_date,del,update_by,update_date FROM cms_category WHERE del=?
[2m2024-06-26 16:24:19.373[0;39m [[32mDEBUG[0;39m] [35m62476[0;39m [2m[nio-8088-exec-2 ][0;39m [32mnet.mingsoft.mdiy.dao.IDictDao.query_COUNT[0;39m:135 [2m:[0;39m ==>  Preparing: SELECT count(0) FROM mdiy_dict WHERE dict_type = ? AND dict_enable = ?
[2m2024-06-26 16:24:19.377[0;39m [[32mDEBUG[0;39m] [35m62476[0;39m [2m[nio-8088-exec-3 ][0;39m [32mnet.mingsoft.cms.dao.ICategoryDao.selectList[0;39m:135 [2m:[0;39m ==> Parameters: 0(Integer)
[2m2024-06-26 16:24:19.377[0;39m [[32mDEBUG[0;39m] [35m62476[0;39m [2m[nio-8088-exec-2 ][0;39m [32mnet.mingsoft.mdiy.dao.IDictDao.query_COUNT[0;39m:135 [2m:[0;39m ==> Parameters: ????(String), true(Boolean)
[2m2024-06-26 16:24:19.388[0;39m [[32mDEBUG[0;39m] [35m62476[0;39m [2m[nio-8088-exec-2 ][0;39m [32mnet.mingsoft.mdiy.dao.IDictDao.query_COUNT[0;39m:135 [2m:[0;39m <==      Total: 1
[2m2024-06-26 16:24:19.390[0;39m [[32mDEBUG[0;39m] [35m62476[0;39m [2m[nio-8088-exec-2 ][0;39m [32mnet.mingsoft.mdiy.dao.IDictDao[0;39m:60 [2m:[0;39m Cache Hit Ratio [net.mingsoft.mdiy.dao.IDictDao]: 0.25
[2m2024-06-26 16:24:19.390[0;39m [[32mDEBUG[0;39m] [35m62476[0;39m [2m[nio-8088-exec-3 ][0;39m [32mnet.mingsoft.cms.dao.ICategoryDao.selectList[0;39m:135 [2m:[0;39m <==      Total: 18
[2m2024-06-26 16:24:19.390[0;39m [[32mDEBUG[0;39m] [35m62476[0;39m [2m[nio-8088-exec-2 ][0;39m [32mnet.mingsoft.mdiy.dao.IDictDao.query[0;39m:135 [2m:[0;39m ==>  Preparing: select * from mdiy_dict WHERE dict_type=? and dict_enable=? order by id desc LIMIT ?
[2m2024-06-26 16:24:19.395[0;39m [[32mDEBUG[0;39m] [35m62476[0;39m [2m[nio-8088-exec-2 ][0;39m [32mnet.mingsoft.mdiy.dao.IDictDao.query[0;39m:135 [2m:[0;39m ==> Parameters: ????(String), true(Boolean), 99999(Integer)
[2m2024-06-26 16:24:19.403[0;39m [[32mDEBUG[0;39m] [35m62476[0;39m [2m[nio-8088-exec-3 ][0;39m [32mnet.mingsoft.basic.util.BasicUtil[0;39m:295 [2m:[0;39m server:localhost,basePath:http://localhost:8088/
[2m2024-06-26 16:24:19.405[0;39m [[32mDEBUG[0;39m] [35m62476[0;39m [2m[nio-8088-exec-3 ][0;39m [32mnet.mingsoft.basic.util.BasicUtil[0;39m:295 [2m:[0;39m server:localhost,basePath:http://localhost:8088/
[2m2024-06-26 16:24:19.406[0;39m [[32mDEBUG[0;39m] [35m62476[0;39m [2m[nio-8088-exec-3 ][0;39m [32mnet.mingsoft.basic.util.BasicUtil[0;39m:295 [2m:[0;39m server:localhost,basePath:http://localhost:8088/
[2m2024-06-26 16:24:19.407[0;39m [[32mDEBUG[0;39m] [35m62476[0;39m [2m[nio-8088-exec-3 ][0;39m [32mnet.mingsoft.basic.util.BasicUtil[0;39m:295 [2m:[0;39m server:localhost,basePath:http://localhost:8088/
[2m2024-06-26 16:24:19.407[0;39m [[32mDEBUG[0;39m] [35m62476[0;39m [2m[nio-8088-exec-2 ][0;39m [32mnet.mingsoft.mdiy.dao.IDictDao.query[0;39m:135 [2m:[0;39m <==      Total: 1
[2m2024-06-26 16:24:19.407[0;39m [[32mDEBUG[0;39m] [35m62476[0;39m [2m[nio-8088-exec-3 ][0;39m [32mnet.mingsoft.basic.util.BasicUtil[0;39m:295 [2m:[0;39m server:localhost,basePath:http://localhost:8088/
[2m2024-06-26 16:24:19.408[0;39m [[32mDEBUG[0;39m] [35m62476[0;39m [2m[nio-8088-exec-3 ][0;39m [32mnet.mingsoft.basic.util.BasicUtil[0;39m:295 [2m:[0;39m server:localhost,basePath:http://localhost:8088/
[2m2024-06-26 16:24:19.408[0;39m [[32mDEBUG[0;39m] [35m62476[0;39m [2m[nio-8088-exec-3 ][0;39m [32mnet.mingsoft.basic.util.BasicUtil[0;39m:295 [2m:[0;39m server:localhost,basePath:http://localhost:8088/
[2m2024-06-26 16:24:19.408[0;39m [[32mDEBUG[0;39m] [35m62476[0;39m [2m[nio-8088-exec-3 ][0;39m [32mnet.mingsoft.basic.util.BasicUtil[0;39m:295 [2m:[0;39m server:localhost,basePath:http://localhost:8088/
[2m2024-06-26 16:24:19.410[0;39m [[32mDEBUG[0;39m] [35m62476[0;39m [2m[nio-8088-exec-3 ][0;39m [32mnet.mingsoft.basic.util.BasicUtil[0;39m:295 [2m:[0;39m server:localhost,basePath:http://localhost:8088/
[2m2024-06-26 16:24:19.411[0;39m [[32mDEBUG[0;39m] [35m62476[0;39m [2m[nio-8088-exec-3 ][0;39m [32mnet.mingsoft.basic.util.BasicUtil[0;39m:295 [2m:[0;39m server:localhost,basePath:http://localhost:8088/
[2m2024-06-26 16:24:19.414[0;39m [[32mDEBUG[0;39m] [35m62476[0;39m [2m[nio-8088-exec-3 ][0;39m [32mnet.mingsoft.basic.util.BasicUtil[0;39m:295 [2m:[0;39m server:localhost,basePath:http://localhost:8088/
[2m2024-06-26 16:24:19.417[0;39m [[32mDEBUG[0;39m] [35m62476[0;39m [2m[nio-8088-exec-3 ][0;39m [32mnet.mingsoft.basic.util.BasicUtil[0;39m:295 [2m:[0;39m server:localhost,basePath:http://localhost:8088/
[2m2024-06-26 16:24:19.417[0;39m [[32mDEBUG[0;39m] [35m62476[0;39m [2m[nio-8088-exec-3 ][0;39m [32mnet.mingsoft.basic.util.BasicUtil[0;39m:295 [2m:[0;39m server:localhost,basePath:http://localhost:8088/
[2m2024-06-26 16:24:19.418[0;39m [[32mDEBUG[0;39m] [35m62476[0;39m [2m[nio-8088-exec-3 ][0;39m [32mnet.mingsoft.basic.util.BasicUtil[0;39m:295 [2m:[0;39m server:localhost,basePath:http://localhost:8088/
[2m2024-06-26 16:24:19.419[0;39m [[32mDEBUG[0;39m] [35m62476[0;39m [2m[nio-8088-exec-3 ][0;39m [32mnet.mingsoft.basic.util.BasicUtil[0;39m:295 [2m:[0;39m server:localhost,basePath:http://localhost:8088/
[2m2024-06-26 16:24:19.422[0;39m [[32mDEBUG[0;39m] [35m62476[0;39m [2m[nio-8088-exec-3 ][0;39m [32mnet.mingsoft.basic.util.BasicUtil[0;39m:295 [2m:[0;39m server:localhost,basePath:http://localhost:8088/
[2m2024-06-26 16:24:19.423[0;39m [[32mDEBUG[0;39m] [35m62476[0;39m [2m[nio-8088-exec-3 ][0;39m [32mnet.mingsoft.basic.util.BasicUtil[0;39m:295 [2m:[0;39m server:localhost,basePath:http://localhost:8088/
[2m2024-06-26 16:24:19.424[0;39m [[32mDEBUG[0;39m] [35m62476[0;39m [2m[nio-8088-exec-3 ][0;39m [32mnet.mingsoft.basic.util.BasicUtil[0;39m:295 [2m:[0;39m server:localhost,basePath:http://localhost:8088/
[2m2024-06-26 16:24:19.836[0;39m [[32mDEBUG[0;39m] [35m62476[0;39m [2m[nio-8088-exec-5 ][0;39m [32mnet.mingsoft.basic.util.BasicUtil[0;39m:839 [2m:[0;39m filePath upload
[2m2024-06-26 16:24:19.848[0;39m [[32mDEBUG[0;39m] [35m62476[0;39m [2m[nio-8088-exec-5 ][0;39m [32mnet.mingsoft.basic.util.BasicUtil[0;39m:841 [2m:[0;39m classPath file:/Users/killfen/git/MCMS/src/main/webapp/ms-mcms.jar!/BOOT-INF/classes!/
[2m2024-06-26 16:24:19.901[0;39m [[32mDEBUG[0;39m] [35m62476[0;39m [2m[nio-8088-exec-5 ][0;39m [32mnet.mingsoft.basic.util.BasicUtil[0;39m:839 [2m:[0;39m filePath 
[2m2024-06-26 16:24:19.902[0;39m [[32mDEBUG[0;39m] [35m62476[0;39m [2m[nio-8088-exec-5 ][0;39m [32mnet.mingsoft.basic.util.BasicUtil[0;39m:841 [2m:[0;39m classPath file:/Users/killfen/git/MCMS/src/main/webapp/ms-mcms.jar!/BOOT-INF/classes!/
[2m2024-06-26 16:36:04.490[0;39m [[32m INFO[0;39m] [35m62476[0;39m [2m[ionShutdownHook ][0;39m [32morg.quartz.core.QuartzScheduler[0;39m:585 [2m:[0;39m Scheduler quartzScheduler_$_NON_CLUSTERED paused.
[2m2024-06-26 16:36:04.556[0;39m [[32m INFO[0;39m] [35m62476[0;39m [2m[ionShutdownHook ][0;39m [32morg.quartz.core.QuartzScheduler[0;39m:666 [2m:[0;39m Scheduler quartzScheduler_$_NON_CLUSTERED shutting down.
[2m2024-06-26 16:36:04.556[0;39m [[32m INFO[0;39m] [35m62476[0;39m [2m[ionShutdownHook ][0;39m [32morg.quartz.core.QuartzScheduler[0;39m:585 [2m:[0;39m Scheduler quartzScheduler_$_NON_CLUSTERED paused.
[2m2024-06-26 16:36:04.557[0;39m [[32m INFO[0;39m] [35m62476[0;39m [2m[ionShutdownHook ][0;39m [32morg.quartz.core.QuartzScheduler[0;39m:740 [2m:[0;39m Scheduler quartzScheduler_$_NON_CLUSTERED shutdown complete.
[2m2024-06-26 16:36:04.698[0;39m [[32m INFO[0;39m] [35m62476[0;39m [2m[ionShutdownHook ][0;39m [32mcom.alibaba.druid.pool.DruidDataSource[0;39m:2212 [2m:[0;39m {dataSource-1} closing ...
[2m2024-06-26 16:36:04.739[0;39m [[32m INFO[0;39m] [35m62476[0;39m [2m[ionShutdownHook ][0;39m [32mcom.alibaba.druid.pool.DruidDataSource[0;39m:2285 [2m:[0;39m {dataSource-1} closed
